<html>
<head>
<title>TestNG:  Login_10E</title>
<link href="../testng.css" rel="stylesheet" type="text/css" />
<link href="../my-testng.css" rel="stylesheet" type="text/css" />

<style type="text/css">
.log { display: none;} 
.stack-trace { display: none;} 
</style>
<script type="text/javascript">
<!--
function flip(e) {
  current = e.style.display;
  if (current == 'block') {
    e.style.display = 'none';
    return 0;
  }
  else {
    e.style.display = 'block';
    return 1;
  }
}

function toggleBox(szDivId, elem, msg1, msg2)
{
  var res = -1;  if (document.getElementById) {
    res = flip(document.getElementById(szDivId));
  }
  else if (document.all) {
    // this is the way old msie versions work
    res = flip(document.all[szDivId]);
  }
  if(elem) {
    if(res == 0) elem.innerHTML = msg1; else elem.innerHTML = msg2;
  }

}

function toggleAllBoxes() {
  if (document.getElementsByTagName) {
    d = document.getElementsByTagName('div');
    for (i = 0; i < d.length; i++) {
      if (d[i].className == 'log') {
        flip(d[i]);
      }
    }
  }
}

// -->
</script>

</head>
<body>
<h2 align='center'>Login_10E</h2><table border='1' align="center">
<tr>
<td>Tests passed/Failed/Skipped:</td><td>1/0/3</td>
</tr><tr>
<td>Started on:</td><td>Fri Aug 05 10:33:55 EDT 2016</td>
</tr>
<tr><td>Total time:</td><td>32 seconds (32455 ms)</td>
</tr><tr>
<td>Included groups:</td><td></td>
</tr><tr>
<td>Excluded groups:</td><td></td>
</tr>
</table><p/>
<small><i>(Hover the method name to see the test class name)</i></small><p/>
<table width='100%' border='1' class='invocation-passed'>
<tr><td colspan='4' align='center'><b>PASSED TESTS</b></td></tr>
<tr><td><b>Test method</b></td>
<td width="30%"><b>Exception</b></td>
<td width="10%"><b>Time (seconds)</b></td>
<td><b>Instance</b></td>
</tr>
<tr>
<td title='com.qtpselenium.suiteA.Login_10E.testcaseA1()'><b>testcaseA1</b><br>Test class: com.qtpselenium.suiteA.Login_10E<br>Parameters: sam, password$1<br/>
<a href="#Output-1655327563" onClick='toggleBox("Output-1655327563", this, "Show output", "Hide output");'>Show output</a>

<a href="#Output-1655327563" onClick="toggleAllBoxes();">Show all outputs</a>
<div class='log' id="Output-1655327563">
Completed executing following method : Login_10E.testcaseA1<br/>
Count value before count++:-1<br/>
Test Passed:testcaseA1<br/>
Count value after count++:0<br/>
About to begin executing following method : Login_10E.reportDataSetResult<br/>
</div>
</td>
<td></td>
<td>28</td>
<td>com.qtpselenium.suiteA.Login_10E@5d0369f2</td></tr>
</table><p>
<table width='100%' border='1' class='invocation-skipped'>
<tr><td colspan='4' align='center'><b>SKIPPED TESTS</b></td></tr>
<tr><td><b>Test method</b></td>
<td width="30%"><b>Exception</b></td>
<td width="10%"><b>Time (seconds)</b></td>
<td><b>Instance</b></td>
</tr>
<tr>
<td title='com.qtpselenium.suiteA.Login_10E.testcaseA1()'><b>testcaseA1</b><br>Test class: com.qtpselenium.suiteA.Login_10E<br>Parameters: sam1, password$1<br/>
<a href="#Output-198598137" onClick='toggleBox("Output-198598137", this, "Show output", "Hide output");'>Show output</a>

<a href="#Output-198598137" onClick="toggleAllBoxes();">Show all outputs</a>
<div class='log' id="Output-198598137">
Completed executing following method : Login_10E.testcaseA1<br/>
Test Skipped testcaseA1<br/>
About to begin executing following method : Login_10E.reportDataSetResult<br/>
</div>
</td>
<td><div><pre>org.testng.SkipException: Runmode for test set data set to no 0
	at com.qtpselenium.suiteA.Login_10E.testcaseA1(Login_10E.java:56)
... Removed 25 stack frames</pre></div><a href='#' onClick='toggleBox("stack-trace198598137", this, "Click to show all stack frames", "Click to hide stack frames")'>Click to show all stack frames</a>
<div class='stack-trace' id='stack-trace198598137'><pre>org.testng.SkipException: Runmode for test set data set to no 0
	at com.qtpselenium.suiteA.Login_10E.testcaseA1(Login_10E.java:56)
	at sun.reflect.NativeMethodAccessorImpl.invoke0(Native Method)
	at sun.reflect.NativeMethodAccessorImpl.invoke(NativeMethodAccessorImpl.java:57)
	at sun.reflect.DelegatingMethodAccessorImpl.invoke(DelegatingMethodAccessorImpl.java:43)
	at java.lang.reflect.Method.invoke(Method.java:606)
	at org.testng.internal.MethodInvocationHelper.invokeMethod(MethodInvocationHelper.java:85)
	at org.testng.internal.Invoker.invokeMethod(Invoker.java:648)
	at org.testng.internal.Invoker.invokeTestMethod(Invoker.java:834)
	at org.testng.internal.Invoker.invokeTestMethods(Invoker.java:1142)
	at org.testng.internal.TestMethodWorker.invokeTestMethods(TestMethodWorker.java:124)
	at org.testng.internal.TestMethodWorker.run(TestMethodWorker.java:108)
	at org.testng.TestRunner.privateRun(TestRunner.java:771)
	at org.testng.TestRunner.run(TestRunner.java:621)
	at org.testng.SuiteRunner.runTest(SuiteRunner.java:357)
	at org.testng.SuiteRunner.runSequentially(SuiteRunner.java:352)
	at org.testng.SuiteRunner.privateRun(SuiteRunner.java:310)
	at org.testng.SuiteRunner.run(SuiteRunner.java:259)
	at org.testng.SuiteRunnerWorker.runSuite(SuiteRunnerWorker.java:52)
	at org.testng.SuiteRunnerWorker.run(SuiteRunnerWorker.java:86)
	at org.testng.TestNG.runSuitesSequentially(TestNG.java:1176)
	at org.testng.TestNG.runSuitesSequentially(TestNG.java:1172)
	at org.testng.TestNG.runSuitesLocally(TestNG.java:1101)
	at org.testng.TestNG.run(TestNG.java:1009)
	at org.testng.remote.RemoteTestNG.run(RemoteTestNG.java:111)
	at org.testng.remote.RemoteTestNG.initAndRun(RemoteTestNG.java:204)
	at org.testng.remote.RemoteTestNG.main(RemoteTestNG.java:175)
</pre></div></td>
<td>0</td>
<td>com.qtpselenium.suiteA.Login_10E@5d0369f2</td></tr>
<tr>
<td title='com.qtpselenium.suiteA.Login_10E.testcaseA1()'><b>testcaseA1</b><br>Test class: com.qtpselenium.suiteA.Login_10E<br>Parameters: , 1234564.0<br/>
<a href="#Output-663007517" onClick='toggleBox("Output-663007517", this, "Show output", "Hide output");'>Show output</a>

<a href="#Output-663007517" onClick="toggleAllBoxes();">Show all outputs</a>
<div class='log' id="Output-663007517">
Completed executing following method : Login_10E.testcaseA1<br/>
Test Skipped testcaseA1<br/>
About to begin executing following method : Login_10E.reportDataSetResult<br/>
</div>
</td>
<td><div><pre>org.testng.SkipException: Runmode for test set data set to no 2
	at com.qtpselenium.suiteA.Login_10E.testcaseA1(Login_10E.java:56)
... Removed 25 stack frames</pre></div><a href='#' onClick='toggleBox("stack-trace663007517", this, "Click to show all stack frames", "Click to hide stack frames")'>Click to show all stack frames</a>
<div class='stack-trace' id='stack-trace663007517'><pre>org.testng.SkipException: Runmode for test set data set to no 2
	at com.qtpselenium.suiteA.Login_10E.testcaseA1(Login_10E.java:56)
	at sun.reflect.NativeMethodAccessorImpl.invoke0(Native Method)
	at sun.reflect.NativeMethodAccessorImpl.invoke(NativeMethodAccessorImpl.java:57)
	at sun.reflect.DelegatingMethodAccessorImpl.invoke(DelegatingMethodAccessorImpl.java:43)
	at java.lang.reflect.Method.invoke(Method.java:606)
	at org.testng.internal.MethodInvocationHelper.invokeMethod(MethodInvocationHelper.java:85)
	at org.testng.internal.Invoker.invokeMethod(Invoker.java:648)
	at org.testng.internal.Invoker.invokeTestMethod(Invoker.java:834)
	at org.testng.internal.Invoker.invokeTestMethods(Invoker.java:1142)
	at org.testng.internal.TestMethodWorker.invokeTestMethods(TestMethodWorker.java:124)
	at org.testng.internal.TestMethodWorker.run(TestMethodWorker.java:108)
	at org.testng.TestRunner.privateRun(TestRunner.java:771)
	at org.testng.TestRunner.run(TestRunner.java:621)
	at org.testng.SuiteRunner.runTest(SuiteRunner.java:357)
	at org.testng.SuiteRunner.runSequentially(SuiteRunner.java:352)
	at org.testng.SuiteRunner.privateRun(SuiteRunner.java:310)
	at org.testng.SuiteRunner.run(SuiteRunner.java:259)
	at org.testng.SuiteRunnerWorker.runSuite(SuiteRunnerWorker.java:52)
	at org.testng.SuiteRunnerWorker.run(SuiteRunnerWorker.java:86)
	at org.testng.TestNG.runSuitesSequentially(TestNG.java:1176)
	at org.testng.TestNG.runSuitesSequentially(TestNG.java:1172)
	at org.testng.TestNG.runSuitesLocally(TestNG.java:1101)
	at org.testng.TestNG.run(TestNG.java:1009)
	at org.testng.remote.RemoteTestNG.run(RemoteTestNG.java:111)
	at org.testng.remote.RemoteTestNG.initAndRun(RemoteTestNG.java:204)
	at org.testng.remote.RemoteTestNG.main(RemoteTestNG.java:175)
</pre></div></td>
<td>0</td>
<td>com.qtpselenium.suiteA.Login_10E@5d0369f2</td></tr>
<tr>
<td title='com.qtpselenium.suiteA.Login_10E.testcaseA1()'><b>testcaseA1</b><br>Test class: com.qtpselenium.suiteA.Login_10E<br>Parameters: testing_only, <br/>
<a href="#Output-144414042" onClick='toggleBox("Output-144414042", this, "Show output", "Hide output");'>Show output</a>

<a href="#Output-144414042" onClick="toggleAllBoxes();">Show all outputs</a>
<div class='log' id="Output-144414042">
Completed executing following method : Login_10E.testcaseA1<br/>
Test Skipped testcaseA1<br/>
About to begin executing following method : Login_10E.reportDataSetResult<br/>
</div>
</td>
<td><div><pre>org.testng.SkipException: Runmode for test set data set to no 3
	at com.qtpselenium.suiteA.Login_10E.testcaseA1(Login_10E.java:56)
... Removed 25 stack frames</pre></div><a href='#' onClick='toggleBox("stack-trace144414042", this, "Click to show all stack frames", "Click to hide stack frames")'>Click to show all stack frames</a>
<div class='stack-trace' id='stack-trace144414042'><pre>org.testng.SkipException: Runmode for test set data set to no 3
	at com.qtpselenium.suiteA.Login_10E.testcaseA1(Login_10E.java:56)
	at sun.reflect.NativeMethodAccessorImpl.invoke0(Native Method)
	at sun.reflect.NativeMethodAccessorImpl.invoke(NativeMethodAccessorImpl.java:57)
	at sun.reflect.DelegatingMethodAccessorImpl.invoke(DelegatingMethodAccessorImpl.java:43)
	at java.lang.reflect.Method.invoke(Method.java:606)
	at org.testng.internal.MethodInvocationHelper.invokeMethod(MethodInvocationHelper.java:85)
	at org.testng.internal.Invoker.invokeMethod(Invoker.java:648)
	at org.testng.internal.Invoker.invokeTestMethod(Invoker.java:834)
	at org.testng.internal.Invoker.invokeTestMethods(Invoker.java:1142)
	at org.testng.internal.TestMethodWorker.invokeTestMethods(TestMethodWorker.java:124)
	at org.testng.internal.TestMethodWorker.run(TestMethodWorker.java:108)
	at org.testng.TestRunner.privateRun(TestRunner.java:771)
	at org.testng.TestRunner.run(TestRunner.java:621)
	at org.testng.SuiteRunner.runTest(SuiteRunner.java:357)
	at org.testng.SuiteRunner.runSequentially(SuiteRunner.java:352)
	at org.testng.SuiteRunner.privateRun(SuiteRunner.java:310)
	at org.testng.SuiteRunner.run(SuiteRunner.java:259)
	at org.testng.SuiteRunnerWorker.runSuite(SuiteRunnerWorker.java:52)
	at org.testng.SuiteRunnerWorker.run(SuiteRunnerWorker.java:86)
	at org.testng.TestNG.runSuitesSequentially(TestNG.java:1176)
	at org.testng.TestNG.runSuitesSequentially(TestNG.java:1172)
	at org.testng.TestNG.runSuitesLocally(TestNG.java:1101)
	at org.testng.TestNG.run(TestNG.java:1009)
	at org.testng.remote.RemoteTestNG.run(RemoteTestNG.java:111)
	at org.testng.remote.RemoteTestNG.initAndRun(RemoteTestNG.java:204)
	at org.testng.remote.RemoteTestNG.main(RemoteTestNG.java:175)
</pre></div></td>
<td>0</td>
<td>com.qtpselenium.suiteA.Login_10E@5d0369f2</td></tr>
</table><p>
</body>
</html>