<html xmlns:math="http://exslt.org/math" xmlns:testng="http://testng.org">
   <head>
      <title>TestNG Results</title>
      <meta http-equiv="content-type" content="text/html; charset=utf-8"></meta>
      <meta http-equiv="pragma" content="no-cache"></meta>
      <meta http-equiv="cache-control" content="max-age=0"></meta>
      <meta http-equiv="cache-control" content="no-cache"></meta>
      <meta http-equiv="cache-control" content="no-store"></meta>
      <LINK rel="stylesheet" href="style.css"></LINK>
      <script type="text/javascript" src="main.js"></script>
   </head>
   <body>
      <table width="100%" style="font-size: 16px; margin-bottom: 10px;" cellspacing="1">
         <tr>
            <td width="100%">
               All methods in suite
               
               <b>Suite A</b>
            </td>
            <td style="background-color: #FFBBBB; padding: 3px 3px 3px 0;" align="center">
               <div style="width: 50px;">0</div>
            </td>
            <td style="background-color: lightgreen; padding: 3px 3px 3px 0;" align="center">
               <div style="width: 50px;">3</div>
            </td>
            <td style="background-color: #FFFFBB; padding: 3px 3px 3px 0;" align="center">
               <div style="width: 50px;">3</div>
            </td>
            <td align="center" style="background-color: #eaf0f7; padding: 3px 3px 3px 0;">
               <div style="width: 50px;">6</div>
            </td>
            <td align="center"
                style="font-weight: bold; background-color: #eaf0f7; padding: 3px 3px 3px 0;">
               <div style="width: 50px;">50%</div>
            </td>
            <td style="background-color: #eaf0f7; padding: 3px 3px 3px 0;" align="center"
                nowrap="true">516 ms
               
            </td>
         </tr>
      </table>
      <div style="width: 200px;">
         <label for="groupMethodsCheckBox" style="font-weight: bold; margin: 0;">
            <input id="groupMethodsCheckBox" type="checkbox" onclick="switchTestMethodsView(this)"></input>
            Group by class
            
         </label>
         <br></br>
         <label for="methodsFilter_ALL" style="font-weight: bold; margin: 0;">
            <input id="methodsFilter_ALL" type="checkbox"
                   onclick="testMethodsFilterChanged(this, 'ALL')"></input>
            All
            
         </label>
      </div>
      <label for="methodsFilter_FAIL" style="margin-left: 20px;">
         <input id="methodsFilter_FAIL" type="checkbox"
                onclick="testMethodsFilterChanged(this, 'FAIL')"
                checked=""></input>
         Failed
         
      </label>
      <label for="methodsFilter_PASS">
         <input id="methodsFilter_PASS" type="checkbox"
                onclick="testMethodsFilterChanged(this, 'PASS')"
                checked=""></input>
         Passed
         
      </label>
      <label for="methodsFilter_SKIP">
         <input id="methodsFilter_SKIP" type="checkbox"
                onclick="testMethodsFilterChanged(this, 'SKIP')"
                checked=""></input>
         Skipped
         
      </label>
      <label for="methodsFilter_CONF">
         <input id="methodsFilter_CONF" type="checkbox"
                onclick="testMethodsFilterChanged(this, 'CONF')"></input>
         Config
         
      </label>
      <br></br>
      <div id="testMethodsByStatus">
         <table class="testMethodsTable" cellpadding="0" cellspacing="0">
            <tr class="methodsTableHeader">
               <td width="100%">Name</td>
               <td nowrap="true">Started</td>
               <td nowrap="true">Duration</td>
               <td>Exception</td>
            </tr>
            <tr id="com.qtpselenium.suiteA.TestCase_A1_checkTestSkip_byStatus_passed_PASS1_row"
                class="testMethodStatusPASS testMethodStatusCONF">
               <td width="100%" class="firstMethodCell">
                  <a onclick="toggleDetailsVisibility('com.qtpselenium.suiteA.TestCase_A1_checkTestSkip_byStatus_passed_PASS1_details')">checkTestSkip()</a>
               </td>
               <td nowrap="true">03:46:09</td>
               <td nowrap="true" align="right">0 ms
                  
               </td>
               <td nowrap="true">
                   
                  
               </td>
            </tr>
            <tr>
               <td colspan="4" class="detailsBox">
                  <div id="com.qtpselenium.suiteA.TestCase_A1_checkTestSkip_byStatus_passed_PASS1_details"
                       class="testMethodDetails">
                     <div>
                        <b>Name: </b>checkTestSkip
                     </div>
                     <div>
                        <b>Signature: </b>checkTestSkip()
                     </div>
                     <div>
                        <b>Start time: </b>03:46:09
                     </div>
                     <div>
                        <b>End time: </b>03:46:09
                     </div>
                     <div>
                        <b>Duration: </b>0 ms
                        
                     </div>
                  </div>
               </td>
            </tr>
            <tr></tr>
            <tr id="com.qtpselenium.suiteA.TestCase_A1_reportDataSetResult_byStatus_passed_PASS2_row"
                class="testMethodStatusPASS testMethodStatusCONF">
               <td width="100%" class="firstMethodCell">
                  <a onclick="toggleDetailsVisibility('com.qtpselenium.suiteA.TestCase_A1_reportDataSetResult_byStatus_passed_PASS2_details')">reportDataSetResult()</a>
               </td>
               <td nowrap="true">03:46:09</td>
               <td nowrap="true" align="right">188 ms
                  
               </td>
               <td nowrap="true">
                   
                  
               </td>
            </tr>
            <tr>
               <td colspan="4" class="detailsBox">
                  <div id="com.qtpselenium.suiteA.TestCase_A1_reportDataSetResult_byStatus_passed_PASS2_details"
                       class="testMethodDetails">
                     <div>
                        <b>Name: </b>reportDataSetResult
                     </div>
                     <div>
                        <b>Signature: </b>reportDataSetResult()
                     </div>
                     <div>
                        <b>Start time: </b>03:46:09
                     </div>
                     <div>
                        <b>End time: </b>03:46:09
                     </div>
                     <div>
                        <b>Duration: </b>188 ms
                        
                     </div>
                  </div>
               </td>
            </tr>
            <tr></tr>
            <tr id="com.qtpselenium.suiteA.TestCase_A1_testcaseA1_byStatus_passed_PASS3_row"
                class="testMethodStatusPASS">
               <td width="100%" class="firstMethodCell">
                  <a onclick="toggleDetailsVisibility('com.qtpselenium.suiteA.TestCase_A1_testcaseA1_byStatus_passed_PASS3_details')">testcaseA1(Dummy Data_A1_1
                     
                     ,
                     
                     Dummy Data_A1_2
                     
                     ,
                     
                     Dummy Data_A1_3
                     
                     ,
                     
                     Dummy Data_A1_4)
                  </a>
               </td>
               <td nowrap="true">03:46:09</td>
               <td nowrap="true" align="right">0 ms
                  
               </td>
               <td nowrap="true">
                   
                  
               </td>
            </tr>
            <tr>
               <td colspan="4" class="detailsBox">
                  <div id="com.qtpselenium.suiteA.TestCase_A1_testcaseA1_byStatus_passed_PASS3_details"
                       class="testMethodDetails">
                     <div>
                        <b>Name: </b>testcaseA1
                     </div>
                     <div>
                        <b>Signature: </b>testcaseA1(java.lang.String, java.lang.String, java.lang.String, java.lang.String)
                     </div>
                     <div>
                        <b>Parameters: </b>
                        
                        Dummy Data_A1_1
                        
                        ,
                        
                        Dummy Data_A1_2
                        
                        ,
                        
                        Dummy Data_A1_3
                        
                        ,
                        
                        Dummy Data_A1_4
                        
                        
                     </div>
                     <div>
                        <b>Start time: </b>03:46:09
                     </div>
                     <div>
                        <b>End time: </b>03:46:09
                     </div>
                     <div>
                        <b>Duration: </b>0 ms
                        
                     </div>
                  </div>
               </td>
            </tr>
            <tr></tr>
            <tr id="com.qtpselenium.suiteA.TestCase_A1_reportDataSetResult_byStatus_passed_PASS4_row"
                class="testMethodStatusPASS testMethodStatusCONF">
               <td width="100%" class="firstMethodCell">
                  <a onclick="toggleDetailsVisibility('com.qtpselenium.suiteA.TestCase_A1_reportDataSetResult_byStatus_passed_PASS4_details')">reportDataSetResult()</a>
               </td>
               <td nowrap="true">03:46:09</td>
               <td nowrap="true" align="right">62 ms
                  
               </td>
               <td nowrap="true">
                   
                  
               </td>
            </tr>
            <tr>
               <td colspan="4" class="detailsBox">
                  <div id="com.qtpselenium.suiteA.TestCase_A1_reportDataSetResult_byStatus_passed_PASS4_details"
                       class="testMethodDetails">
                     <div>
                        <b>Name: </b>reportDataSetResult
                     </div>
                     <div>
                        <b>Signature: </b>reportDataSetResult()
                     </div>
                     <div>
                        <b>Start time: </b>03:46:09
                     </div>
                     <div>
                        <b>End time: </b>03:46:09
                     </div>
                     <div>
                        <b>Duration: </b>62 ms
                        
                     </div>
                  </div>
               </td>
            </tr>
            <tr></tr>
            <tr id="com.qtpselenium.suiteA.TestCase_A1_reportDataSetResult_byStatus_passed_PASS5_row"
                class="testMethodStatusPASS testMethodStatusCONF">
               <td width="100%" class="firstMethodCell">
                  <a onclick="toggleDetailsVisibility('com.qtpselenium.suiteA.TestCase_A1_reportDataSetResult_byStatus_passed_PASS5_details')">reportDataSetResult()</a>
               </td>
               <td nowrap="true">03:46:09</td>
               <td nowrap="true" align="right">47 ms
                  
               </td>
               <td nowrap="true">
                   
                  
               </td>
            </tr>
            <tr>
               <td colspan="4" class="detailsBox">
                  <div id="com.qtpselenium.suiteA.TestCase_A1_reportDataSetResult_byStatus_passed_PASS5_details"
                       class="testMethodDetails">
                     <div>
                        <b>Name: </b>reportDataSetResult
                     </div>
                     <div>
                        <b>Signature: </b>reportDataSetResult()
                     </div>
                     <div>
                        <b>Start time: </b>03:46:09
                     </div>
                     <div>
                        <b>End time: </b>03:46:09
                     </div>
                     <div>
                        <b>Duration: </b>47 ms
                        
                     </div>
                  </div>
               </td>
            </tr>
            <tr></tr>
            <tr id="com.qtpselenium.suiteA.TestCase_A1_testcaseA1_byStatus_passed_PASS6_row"
                class="testMethodStatusPASS">
               <td width="100%" class="firstMethodCell">
                  <a onclick="toggleDetailsVisibility('com.qtpselenium.suiteA.TestCase_A1_testcaseA1_byStatus_passed_PASS6_details')">testcaseA1(Dummy Data_A1_13
                     
                     ,
                     
                     Dummy Data_A1_14
                     
                     ,
                     
                     Dummy Data_A1_15
                     
                     ,
                     
                     Dummy Data_A1_16)
                  </a>
               </td>
               <td nowrap="true">03:46:09</td>
               <td nowrap="true" align="right">0 ms
                  
               </td>
               <td nowrap="true">
                   
                  
               </td>
            </tr>
            <tr>
               <td colspan="4" class="detailsBox">
                  <div id="com.qtpselenium.suiteA.TestCase_A1_testcaseA1_byStatus_passed_PASS6_details"
                       class="testMethodDetails">
                     <div>
                        <b>Name: </b>testcaseA1
                     </div>
                     <div>
                        <b>Signature: </b>testcaseA1(java.lang.String, java.lang.String, java.lang.String, java.lang.String)
                     </div>
                     <div>
                        <b>Parameters: </b>
                        
                        Dummy Data_A1_13
                        
                        ,
                        
                        Dummy Data_A1_14
                        
                        ,
                        
                        Dummy Data_A1_15
                        
                        ,
                        
                        Dummy Data_A1_16
                        
                        
                     </div>
                     <div>
                        <b>Start time: </b>03:46:09
                     </div>
                     <div>
                        <b>End time: </b>03:46:09
                     </div>
                     <div>
                        <b>Duration: </b>0 ms
                        
                     </div>
                  </div>
               </td>
            </tr>
            <tr></tr>
            <tr id="com.qtpselenium.suiteA.TestCase_A1_reportDataSetResult_byStatus_passed_PASS7_row"
                class="testMethodStatusPASS testMethodStatusCONF">
               <td width="100%" class="firstMethodCell">
                  <a onclick="toggleDetailsVisibility('com.qtpselenium.suiteA.TestCase_A1_reportDataSetResult_byStatus_passed_PASS7_details')">reportDataSetResult()</a>
               </td>
               <td nowrap="true">03:46:09</td>
               <td nowrap="true" align="right">47 ms
                  
               </td>
               <td nowrap="true">
                   
                  
               </td>
            </tr>
            <tr>
               <td colspan="4" class="detailsBox">
                  <div id="com.qtpselenium.suiteA.TestCase_A1_reportDataSetResult_byStatus_passed_PASS7_details"
                       class="testMethodDetails">
                     <div>
                        <b>Name: </b>reportDataSetResult
                     </div>
                     <div>
                        <b>Signature: </b>reportDataSetResult()
                     </div>
                     <div>
                        <b>Start time: </b>03:46:09
                     </div>
                     <div>
                        <b>End time: </b>03:46:09
                     </div>
                     <div>
                        <b>Duration: </b>47 ms
                        
                     </div>
                  </div>
               </td>
            </tr>
            <tr></tr>
            <tr id="com.qtpselenium.suiteA.TestCase_A1_reportTestResult_byStatus_passed_PASS8_row"
                class="testMethodStatusPASS testMethodStatusCONF">
               <td width="100%" class="firstMethodCell">
                  <a onclick="toggleDetailsVisibility('com.qtpselenium.suiteA.TestCase_A1_reportTestResult_byStatus_passed_PASS8_details')">reportTestResult()</a>
               </td>
               <td nowrap="true">03:46:09</td>
               <td nowrap="true" align="right">31 ms
                  
               </td>
               <td nowrap="true">
                   
                  
               </td>
            </tr>
            <tr>
               <td colspan="4" class="detailsBox">
                  <div id="com.qtpselenium.suiteA.TestCase_A1_reportTestResult_byStatus_passed_PASS8_details"
                       class="testMethodDetails">
                     <div>
                        <b>Name: </b>reportTestResult
                     </div>
                     <div>
                        <b>Signature: </b>reportTestResult()
                     </div>
                     <div>
                        <b>Start time: </b>03:46:09
                     </div>
                     <div>
                        <b>End time: </b>03:46:09
                     </div>
                     <div>
                        <b>Duration: </b>31 ms
                        
                     </div>
                  </div>
               </td>
            </tr>
            <tr></tr>
            <tr id="com.qtpselenium.suiteA.TestCase_A2_checkSuiteSkip_byStatus_passed_PASS9_row"
                class="testMethodStatusPASS testMethodStatusCONF">
               <td width="100%" class="firstMethodCell">
                  <a onclick="toggleDetailsVisibility('com.qtpselenium.suiteA.TestCase_A2_checkSuiteSkip_byStatus_passed_PASS9_details')">checkSuiteSkip()</a>
               </td>
               <td nowrap="true">03:46:08</td>
               <td nowrap="true" align="right">906 ms
                  
               </td>
               <td nowrap="true">
                   
                  
               </td>
            </tr>
            <tr>
               <td colspan="4" class="detailsBox">
                  <div id="com.qtpselenium.suiteA.TestCase_A2_checkSuiteSkip_byStatus_passed_PASS9_details"
                       class="testMethodDetails">
                     <div>
                        <b>Name: </b>checkSuiteSkip
                     </div>
                     <div>
                        <b>Signature: </b>checkSuiteSkip()
                     </div>
                     <div>
                        <b>Start time: </b>03:46:08
                     </div>
                     <div>
                        <b>End time: </b>03:46:09
                     </div>
                     <div>
                        <b>Duration: </b>906 ms
                        
                     </div>
                  </div>
               </td>
            </tr>
            <tr></tr>
            <tr id="com.qtpselenium.suiteA.TestCase_A2_testcaseA2_byStatus_passed_PASS10_row"
                class="testMethodStatusPASS">
               <td width="100%" class="firstMethodCell">
                  <a onclick="toggleDetailsVisibility('com.qtpselenium.suiteA.TestCase_A2_testcaseA2_byStatus_passed_PASS10_details')">testcaseA2(Dummy Data_A2_1
                     
                     ,
                     
                     Dummy Data_A2_2
                     
                     ,
                     
                     Dummy Data_A2_3)
                  </a>
               </td>
               <td nowrap="true">03:46:09</td>
               <td nowrap="true" align="right">0 ms
                  
               </td>
               <td nowrap="true">
                   
                  
               </td>
            </tr>
            <tr>
               <td colspan="4" class="detailsBox">
                  <div id="com.qtpselenium.suiteA.TestCase_A2_testcaseA2_byStatus_passed_PASS10_details"
                       class="testMethodDetails">
                     <div>
                        <b>Name: </b>testcaseA2
                     </div>
                     <div>
                        <b>Signature: </b>testcaseA2(java.lang.String, java.lang.String, java.lang.String)
                     </div>
                     <div>
                        <b>Parameters: </b>
                        
                        Dummy Data_A2_1
                        
                        ,
                        
                        Dummy Data_A2_2
                        
                        ,
                        
                        Dummy Data_A2_3
                        
                        
                     </div>
                     <div>
                        <b>Start time: </b>03:46:09
                     </div>
                     <div>
                        <b>End time: </b>03:46:09
                     </div>
                     <div>
                        <b>Duration: </b>0 ms
                        
                     </div>
                  </div>
               </td>
            </tr>
            <tr></tr>
            <tr id="com.qtpselenium.suiteA.TestCase_A2_checkTestSkip_byStatus_passed_PASS11_row"
                class="testMethodStatusPASS testMethodStatusCONF">
               <td width="100%" class="firstMethodCell">
                  <a onclick="toggleDetailsVisibility('com.qtpselenium.suiteA.TestCase_A2_checkTestSkip_byStatus_passed_PASS11_details')">checkTestSkip()</a>
               </td>
               <td nowrap="true">03:46:09</td>
               <td nowrap="true" align="right">0 ms
                  
               </td>
               <td nowrap="true">
                   
                  
               </td>
            </tr>
            <tr>
               <td colspan="4" class="detailsBox">
                  <div id="com.qtpselenium.suiteA.TestCase_A2_checkTestSkip_byStatus_passed_PASS11_details"
                       class="testMethodDetails">
                     <div>
                        <b>Name: </b>checkTestSkip
                     </div>
                     <div>
                        <b>Signature: </b>checkTestSkip()
                     </div>
                     <div>
                        <b>Start time: </b>03:46:09
                     </div>
                     <div>
                        <b>End time: </b>03:46:09
                     </div>
                     <div>
                        <b>Duration: </b>0 ms
                        
                     </div>
                  </div>
               </td>
            </tr>
            <tr></tr>
            <tr id="com.qtpselenium.suiteA.TestCase_A1_testcaseA1_byStatus_skiped_SKIP1_row"
                class="testMethodStatusSKIP">
               <td width="100%" class="firstMethodCell">
                  <a onclick="toggleDetailsVisibility('com.qtpselenium.suiteA.TestCase_A1_testcaseA1_byStatus_skiped_SKIP1_details')">testcaseA1(Dummy Data_A1_5
                     
                     ,
                     
                     Dummy Data_A1_6
                     
                     ,
                     
                     Dummy Data_A1_7
                     
                     ,
                     
                     Dummy Data_A1_8)
                  </a>
               </td>
               <td nowrap="true">03:46:09</td>
               <td nowrap="true" align="right">0 ms
                  
               </td>
               <td nowrap="true">
                  <a onclick="toggleDetailsVisibility('com.qtpselenium.suiteA.TestCase_A1_testcaseA1_byStatus_skiped_SKIP1_exception')">org.testng.SkipException: 
                     Runmode for test set data set to no 1
                     
                  </a>
                   
                  
               </td>
            </tr>
            <tr>
               <td colspan="4" class="detailsBox">
                  <div id="com.qtpselenium.suiteA.TestCase_A1_testcaseA1_byStatus_skiped_SKIP1_details"
                       class="testMethodDetails">
                     <div>
                        <b>Name: </b>testcaseA1
                     </div>
                     <div>
                        <b>Signature: </b>testcaseA1(java.lang.String, java.lang.String, java.lang.String, java.lang.String)
                     </div>
                     <div>
                        <b>Parameters: </b>
                        
                        Dummy Data_A1_5
                        
                        ,
                        
                        Dummy Data_A1_6
                        
                        ,
                        
                        Dummy Data_A1_7
                        
                        ,
                        
                        Dummy Data_A1_8
                        
                        
                     </div>
                     <div>
                        <b>Start time: </b>03:46:09
                     </div>
                     <div>
                        <b>End time: </b>03:46:09
                     </div>
                     <div>
                        <b>Duration: </b>0 ms
                        
                     </div>
                  </div>
               </td>
            </tr>
            <tr>
               <td colspan="4" class="detailsBox">
                  <div id="com.qtpselenium.suiteA.TestCase_A1_testcaseA1_byStatus_skiped_SKIP1_exception"
                       class="testMethodDetails">
                     <pre style="padding: 5px; margin: 0;">org.testng.SkipException: Runmode for test set data set to no 1
                        	at com.qtpselenium.suiteA.TestCase_A1.testcaseA1(TestCase_A1.java:45)
                        	at sun.reflect.NativeMethodAccessorImpl.invoke0(Native Method)
                        	at sun.reflect.NativeMethodAccessorImpl.invoke(Unknown Source)
                        	at sun.reflect.DelegatingMethodAccessorImpl.invoke(Unknown Source)
                        	at java.lang.reflect.Method.invoke(Unknown Source)
                        	at org.testng.internal.MethodInvocationHelper.invokeMethod(MethodInvocationHelper.java:74)
                        	at org.testng.internal.Invoker.invokeMethod(Invoker.java:673)
                        	at org.testng.internal.Invoker.invokeTestMethod(Invoker.java:846)
                        	at org.testng.internal.Invoker.invokeTestMethods(Invoker.java:1170)
                        	at org.testng.internal.TestMethodWorker.invokeTestMethods(TestMethodWorker.java:125)
                        	at org.testng.internal.TestMethodWorker.run(TestMethodWorker.java:109)
                        	at org.testng.TestRunner.runWorkers(TestRunner.java:1125)
                        	at org.testng.TestRunner.privateRun(TestRunner.java:749)
                        	at org.testng.TestRunner.run(TestRunner.java:600)
                        	at org.testng.SuiteRunner.runTest(SuiteRunner.java:317)
                        	at org.testng.SuiteRunner.runSequentially(SuiteRunner.java:312)
                        	at org.testng.SuiteRunner.privateRun(SuiteRunner.java:274)
                        	at org.testng.SuiteRunner.run(SuiteRunner.java:223)
                        	at org.testng.SuiteRunnerWorker.runSuite(SuiteRunnerWorker.java:52)
                        	at org.testng.SuiteRunnerWorker.run(SuiteRunnerWorker.java:86)
                        	at org.testng.TestNG.runSuitesSequentially(TestNG.java:1031)
                        	at org.testng.TestNG.runSuitesSequentially(TestNG.java:1027)
                        	at org.testng.TestNG.runSuitesLocally(TestNG.java:956)
                        	at org.testng.TestNG.run(TestNG.java:892)
                        	at org.testng.TestNG.privateMain(TestNG.java:1174)
                        	at org.testng.TestNG.main(TestNG.java:1138)
                     </pre>
                  </div>
               </td>
            </tr>
            <tr id="com.qtpselenium.suiteA.TestCase_A1_testcaseA1_byStatus_skiped_SKIP2_row"
                class="testMethodStatusSKIP">
               <td width="100%" class="firstMethodCell">
                  <a onclick="toggleDetailsVisibility('com.qtpselenium.suiteA.TestCase_A1_testcaseA1_byStatus_skiped_SKIP2_details')">testcaseA1(Dummy Data_A1_9
                     
                     ,
                     
                     Dummy Data_A1_10
                     
                     ,
                     
                     Dummy Data_A1_11
                     
                     ,
                     
                     Dummy Data_A1_12)
                  </a>
               </td>
               <td nowrap="true">03:46:09</td>
               <td nowrap="true" align="right">0 ms
                  
               </td>
               <td nowrap="true">
                  <a onclick="toggleDetailsVisibility('com.qtpselenium.suiteA.TestCase_A1_testcaseA1_byStatus_skiped_SKIP2_exception')">org.testng.SkipException: 
                     Runmode for test set data set to no 2
                     
                  </a>
                   
                  
               </td>
            </tr>
            <tr>
               <td colspan="4" class="detailsBox">
                  <div id="com.qtpselenium.suiteA.TestCase_A1_testcaseA1_byStatus_skiped_SKIP2_details"
                       class="testMethodDetails">
                     <div>
                        <b>Name: </b>testcaseA1
                     </div>
                     <div>
                        <b>Signature: </b>testcaseA1(java.lang.String, java.lang.String, java.lang.String, java.lang.String)
                     </div>
                     <div>
                        <b>Parameters: </b>
                        
                        Dummy Data_A1_9
                        
                        ,
                        
                        Dummy Data_A1_10
                        
                        ,
                        
                        Dummy Data_A1_11
                        
                        ,
                        
                        Dummy Data_A1_12
                        
                        
                     </div>
                     <div>
                        <b>Start time: </b>03:46:09
                     </div>
                     <div>
                        <b>End time: </b>03:46:09
                     </div>
                     <div>
                        <b>Duration: </b>0 ms
                        
                     </div>
                  </div>
               </td>
            </tr>
            <tr>
               <td colspan="4" class="detailsBox">
                  <div id="com.qtpselenium.suiteA.TestCase_A1_testcaseA1_byStatus_skiped_SKIP2_exception"
                       class="testMethodDetails">
                     <pre style="padding: 5px; margin: 0;">org.testng.SkipException: Runmode for test set data set to no 2
                        	at com.qtpselenium.suiteA.TestCase_A1.testcaseA1(TestCase_A1.java:45)
                        	at sun.reflect.NativeMethodAccessorImpl.invoke0(Native Method)
                        	at sun.reflect.NativeMethodAccessorImpl.invoke(Unknown Source)
                        	at sun.reflect.DelegatingMethodAccessorImpl.invoke(Unknown Source)
                        	at java.lang.reflect.Method.invoke(Unknown Source)
                        	at org.testng.internal.MethodInvocationHelper.invokeMethod(MethodInvocationHelper.java:74)
                        	at org.testng.internal.Invoker.invokeMethod(Invoker.java:673)
                        	at org.testng.internal.Invoker.invokeTestMethod(Invoker.java:846)
                        	at org.testng.internal.Invoker.invokeTestMethods(Invoker.java:1170)
                        	at org.testng.internal.TestMethodWorker.invokeTestMethods(TestMethodWorker.java:125)
                        	at org.testng.internal.TestMethodWorker.run(TestMethodWorker.java:109)
                        	at org.testng.TestRunner.runWorkers(TestRunner.java:1125)
                        	at org.testng.TestRunner.privateRun(TestRunner.java:749)
                        	at org.testng.TestRunner.run(TestRunner.java:600)
                        	at org.testng.SuiteRunner.runTest(SuiteRunner.java:317)
                        	at org.testng.SuiteRunner.runSequentially(SuiteRunner.java:312)
                        	at org.testng.SuiteRunner.privateRun(SuiteRunner.java:274)
                        	at org.testng.SuiteRunner.run(SuiteRunner.java:223)
                        	at org.testng.SuiteRunnerWorker.runSuite(SuiteRunnerWorker.java:52)
                        	at org.testng.SuiteRunnerWorker.run(SuiteRunnerWorker.java:86)
                        	at org.testng.TestNG.runSuitesSequentially(TestNG.java:1031)
                        	at org.testng.TestNG.runSuitesSequentially(TestNG.java:1027)
                        	at org.testng.TestNG.runSuitesLocally(TestNG.java:956)
                        	at org.testng.TestNG.run(TestNG.java:892)
                        	at org.testng.TestNG.privateMain(TestNG.java:1174)
                        	at org.testng.TestNG.main(TestNG.java:1138)
                     </pre>
                  </div>
               </td>
            </tr>
            <tr id="com.qtpselenium.suiteA.TestCase_A2_testcaseA2_byStatus_skiped_SKIP3_row"
                class="testMethodStatusSKIP">
               <td width="100%" class="firstMethodCell">
                  <a onclick="toggleDetailsVisibility('com.qtpselenium.suiteA.TestCase_A2_testcaseA2_byStatus_skiped_SKIP3_details')">testcaseA2(Dummy Data_A2_4
                     
                     ,
                     
                     Dummy Data_A2_5
                     
                     ,
                     
                     Dummy Data_A2_6)
                  </a>
               </td>
               <td nowrap="true">03:46:09</td>
               <td nowrap="true" align="right">0 ms
                  
               </td>
               <td nowrap="true">
                  <a onclick="toggleDetailsVisibility('com.qtpselenium.suiteA.TestCase_A2_testcaseA2_byStatus_skiped_SKIP3_exception')">org.testng.SkipException: 
                     Runmode for test set data set to no 1
                     
                  </a>
                   
                  
               </td>
            </tr>
            <tr>
               <td colspan="4" class="detailsBox">
                  <div id="com.qtpselenium.suiteA.TestCase_A2_testcaseA2_byStatus_skiped_SKIP3_details"
                       class="testMethodDetails">
                     <div>
                        <b>Name: </b>testcaseA2
                     </div>
                     <div>
                        <b>Signature: </b>testcaseA2(java.lang.String, java.lang.String, java.lang.String)
                     </div>
                     <div>
                        <b>Parameters: </b>
                        
                        Dummy Data_A2_4
                        
                        ,
                        
                        Dummy Data_A2_5
                        
                        ,
                        
                        Dummy Data_A2_6
                        
                        
                     </div>
                     <div>
                        <b>Start time: </b>03:46:09
                     </div>
                     <div>
                        <b>End time: </b>03:46:09
                     </div>
                     <div>
                        <b>Duration: </b>0 ms
                        
                     </div>
                  </div>
               </td>
            </tr>
            <tr>
               <td colspan="4" class="detailsBox">
                  <div id="com.qtpselenium.suiteA.TestCase_A2_testcaseA2_byStatus_skiped_SKIP3_exception"
                       class="testMethodDetails">
                     <pre style="padding: 5px; margin: 0;">org.testng.SkipException: Runmode for test set data set to no 1
                        	at com.qtpselenium.suiteA.TestCase_A2.testcaseA2(TestCase_A2.java:33)
                        	at sun.reflect.NativeMethodAccessorImpl.invoke0(Native Method)
                        	at sun.reflect.NativeMethodAccessorImpl.invoke(Unknown Source)
                        	at sun.reflect.DelegatingMethodAccessorImpl.invoke(Unknown Source)
                        	at java.lang.reflect.Method.invoke(Unknown Source)
                        	at org.testng.internal.MethodInvocationHelper.invokeMethod(MethodInvocationHelper.java:74)
                        	at org.testng.internal.Invoker.invokeMethod(Invoker.java:673)
                        	at org.testng.internal.Invoker.invokeTestMethod(Invoker.java:846)
                        	at org.testng.internal.Invoker.invokeTestMethods(Invoker.java:1170)
                        	at org.testng.internal.TestMethodWorker.invokeTestMethods(TestMethodWorker.java:125)
                        	at org.testng.internal.TestMethodWorker.run(TestMethodWorker.java:109)
                        	at org.testng.TestRunner.runWorkers(TestRunner.java:1125)
                        	at org.testng.TestRunner.privateRun(TestRunner.java:749)
                        	at org.testng.TestRunner.run(TestRunner.java:600)
                        	at org.testng.SuiteRunner.runTest(SuiteRunner.java:317)
                        	at org.testng.SuiteRunner.runSequentially(SuiteRunner.java:312)
                        	at org.testng.SuiteRunner.privateRun(SuiteRunner.java:274)
                        	at org.testng.SuiteRunner.run(SuiteRunner.java:223)
                        	at org.testng.SuiteRunnerWorker.runSuite(SuiteRunnerWorker.java:52)
                        	at org.testng.SuiteRunnerWorker.run(SuiteRunnerWorker.java:86)
                        	at org.testng.TestNG.runSuitesSequentially(TestNG.java:1031)
                        	at org.testng.TestNG.runSuitesSequentially(TestNG.java:1027)
                        	at org.testng.TestNG.runSuitesLocally(TestNG.java:956)
                        	at org.testng.TestNG.run(TestNG.java:892)
                        	at org.testng.TestNG.privateMain(TestNG.java:1174)
                        	at org.testng.TestNG.main(TestNG.java:1138)
                     </pre>
                  </div>
               </td>
            </tr>
         </table>
      </div>
      <div id="testMethodsByClass" style="display: none;">
         <table class="testMethodsTable" cellpadding="0" cellspacing="0">
            <tr>
               <td colspan="4">
                  <h3 style="display: inline;">com.qtpselenium.suiteA.TestCase_A1</h3>
               </td>
            </tr>
            <tr class="methodsTableHeader">
               <td width="100%">Name</td>
               <td nowrap="true">Started</td>
               <td nowrap="true">Duration</td>
               <td>Exception</td>
            </tr>
            <tr id="com.qtpselenium.suiteA.TestCase_A1_checkTestSkip_byClass_PASS1_row"
                class="testMethodStatusPASS testMethodStatusCONF">
               <td width="100%" class="firstMethodCell">
                  <a onclick="toggleDetailsVisibility('com.qtpselenium.suiteA.TestCase_A1_checkTestSkip_byClass_PASS1_details')">checkTestSkip()</a>
               </td>
               <td nowrap="true">03:46:09</td>
               <td nowrap="true" align="right">0 ms
                  
               </td>
               <td nowrap="true">
                   
                  
               </td>
            </tr>
            <tr>
               <td colspan="4" class="detailsBox">
                  <div id="com.qtpselenium.suiteA.TestCase_A1_checkTestSkip_byClass_PASS1_details"
                       class="testMethodDetails">
                     <div>
                        <b>Name: </b>checkTestSkip
                     </div>
                     <div>
                        <b>Signature: </b>checkTestSkip()
                     </div>
                     <div>
                        <b>Start time: </b>03:46:09
                     </div>
                     <div>
                        <b>End time: </b>03:46:09
                     </div>
                     <div>
                        <b>Duration: </b>0 ms
                        
                     </div>
                  </div>
               </td>
            </tr>
            <tr></tr>
            <tr id="com.qtpselenium.suiteA.TestCase_A1_reportDataSetResult_byClass_PASS2_row"
                class="testMethodStatusPASS testMethodStatusCONF">
               <td width="100%" class="firstMethodCell">
                  <a onclick="toggleDetailsVisibility('com.qtpselenium.suiteA.TestCase_A1_reportDataSetResult_byClass_PASS2_details')">reportDataSetResult()</a>
               </td>
               <td nowrap="true">03:46:09</td>
               <td nowrap="true" align="right">188 ms
                  
               </td>
               <td nowrap="true">
                   
                  
               </td>
            </tr>
            <tr>
               <td colspan="4" class="detailsBox">
                  <div id="com.qtpselenium.suiteA.TestCase_A1_reportDataSetResult_byClass_PASS2_details"
                       class="testMethodDetails">
                     <div>
                        <b>Name: </b>reportDataSetResult
                     </div>
                     <div>
                        <b>Signature: </b>reportDataSetResult()
                     </div>
                     <div>
                        <b>Start time: </b>03:46:09
                     </div>
                     <div>
                        <b>End time: </b>03:46:09
                     </div>
                     <div>
                        <b>Duration: </b>188 ms
                        
                     </div>
                  </div>
               </td>
            </tr>
            <tr></tr>
            <tr id="com.qtpselenium.suiteA.TestCase_A1_testcaseA1_byClass_PASS3_row"
                class="testMethodStatusPASS">
               <td width="100%" class="firstMethodCell">
                  <a onclick="toggleDetailsVisibility('com.qtpselenium.suiteA.TestCase_A1_testcaseA1_byClass_PASS3_details')">testcaseA1(Dummy Data_A1_1
                     
                     ,
                     
                     Dummy Data_A1_2
                     
                     ,
                     
                     Dummy Data_A1_3
                     
                     ,
                     
                     Dummy Data_A1_4)
                  </a>
               </td>
               <td nowrap="true">03:46:09</td>
               <td nowrap="true" align="right">0 ms
                  
               </td>
               <td nowrap="true">
                   
                  
               </td>
            </tr>
            <tr>
               <td colspan="4" class="detailsBox">
                  <div id="com.qtpselenium.suiteA.TestCase_A1_testcaseA1_byClass_PASS3_details"
                       class="testMethodDetails">
                     <div>
                        <b>Name: </b>testcaseA1
                     </div>
                     <div>
                        <b>Signature: </b>testcaseA1(java.lang.String, java.lang.String, java.lang.String, java.lang.String)
                     </div>
                     <div>
                        <b>Parameters: </b>
                        
                        Dummy Data_A1_1
                        
                        ,
                        
                        Dummy Data_A1_2
                        
                        ,
                        
                        Dummy Data_A1_3
                        
                        ,
                        
                        Dummy Data_A1_4
                        
                        
                     </div>
                     <div>
                        <b>Start time: </b>03:46:09
                     </div>
                     <div>
                        <b>End time: </b>03:46:09
                     </div>
                     <div>
                        <b>Duration: </b>0 ms
                        
                     </div>
                  </div>
               </td>
            </tr>
            <tr></tr>
            <tr id="com.qtpselenium.suiteA.TestCase_A1_reportDataSetResult_byClass_PASS4_row"
                class="testMethodStatusPASS testMethodStatusCONF">
               <td width="100%" class="firstMethodCell">
                  <a onclick="toggleDetailsVisibility('com.qtpselenium.suiteA.TestCase_A1_reportDataSetResult_byClass_PASS4_details')">reportDataSetResult()</a>
               </td>
               <td nowrap="true">03:46:09</td>
               <td nowrap="true" align="right">62 ms
                  
               </td>
               <td nowrap="true">
                   
                  
               </td>
            </tr>
            <tr>
               <td colspan="4" class="detailsBox">
                  <div id="com.qtpselenium.suiteA.TestCase_A1_reportDataSetResult_byClass_PASS4_details"
                       class="testMethodDetails">
                     <div>
                        <b>Name: </b>reportDataSetResult
                     </div>
                     <div>
                        <b>Signature: </b>reportDataSetResult()
                     </div>
                     <div>
                        <b>Start time: </b>03:46:09
                     </div>
                     <div>
                        <b>End time: </b>03:46:09
                     </div>
                     <div>
                        <b>Duration: </b>62 ms
                        
                     </div>
                  </div>
               </td>
            </tr>
            <tr></tr>
            <tr id="com.qtpselenium.suiteA.TestCase_A1_testcaseA1_byClass_SKIP5_row"
                class="testMethodStatusSKIP">
               <td width="100%" class="firstMethodCell">
                  <a onclick="toggleDetailsVisibility('com.qtpselenium.suiteA.TestCase_A1_testcaseA1_byClass_SKIP5_details')">testcaseA1(Dummy Data_A1_5
                     
                     ,
                     
                     Dummy Data_A1_6
                     
                     ,
                     
                     Dummy Data_A1_7
                     
                     ,
                     
                     Dummy Data_A1_8)
                  </a>
               </td>
               <td nowrap="true">03:46:09</td>
               <td nowrap="true" align="right">0 ms
                  
               </td>
               <td nowrap="true">
                  <a onclick="toggleDetailsVisibility('com.qtpselenium.suiteA.TestCase_A1_testcaseA1_byClass_SKIP5_exception')">org.testng.SkipException: 
                     Runmode for test set data set to no 1
                     
                  </a>
                   
                  
               </td>
            </tr>
            <tr>
               <td colspan="4" class="detailsBox">
                  <div id="com.qtpselenium.suiteA.TestCase_A1_testcaseA1_byClass_SKIP5_details"
                       class="testMethodDetails">
                     <div>
                        <b>Name: </b>testcaseA1
                     </div>
                     <div>
                        <b>Signature: </b>testcaseA1(java.lang.String, java.lang.String, java.lang.String, java.lang.String)
                     </div>
                     <div>
                        <b>Parameters: </b>
                        
                        Dummy Data_A1_5
                        
                        ,
                        
                        Dummy Data_A1_6
                        
                        ,
                        
                        Dummy Data_A1_7
                        
                        ,
                        
                        Dummy Data_A1_8
                        
                        
                     </div>
                     <div>
                        <b>Start time: </b>03:46:09
                     </div>
                     <div>
                        <b>End time: </b>03:46:09
                     </div>
                     <div>
                        <b>Duration: </b>0 ms
                        
                     </div>
                  </div>
               </td>
            </tr>
            <tr>
               <td colspan="4" class="detailsBox">
                  <div id="com.qtpselenium.suiteA.TestCase_A1_testcaseA1_byClass_SKIP5_exception"
                       class="testMethodDetails">
                     <pre style="padding: 5px; margin: 0;">org.testng.SkipException: Runmode for test set data set to no 1
                        	at com.qtpselenium.suiteA.TestCase_A1.testcaseA1(TestCase_A1.java:45)
                        	at sun.reflect.NativeMethodAccessorImpl.invoke0(Native Method)
                        	at sun.reflect.NativeMethodAccessorImpl.invoke(Unknown Source)
                        	at sun.reflect.DelegatingMethodAccessorImpl.invoke(Unknown Source)
                        	at java.lang.reflect.Method.invoke(Unknown Source)
                        	at org.testng.internal.MethodInvocationHelper.invokeMethod(MethodInvocationHelper.java:74)
                        	at org.testng.internal.Invoker.invokeMethod(Invoker.java:673)
                        	at org.testng.internal.Invoker.invokeTestMethod(Invoker.java:846)
                        	at org.testng.internal.Invoker.invokeTestMethods(Invoker.java:1170)
                        	at org.testng.internal.TestMethodWorker.invokeTestMethods(TestMethodWorker.java:125)
                        	at org.testng.internal.TestMethodWorker.run(TestMethodWorker.java:109)
                        	at org.testng.TestRunner.runWorkers(TestRunner.java:1125)
                        	at org.testng.TestRunner.privateRun(TestRunner.java:749)
                        	at org.testng.TestRunner.run(TestRunner.java:600)
                        	at org.testng.SuiteRunner.runTest(SuiteRunner.java:317)
                        	at org.testng.SuiteRunner.runSequentially(SuiteRunner.java:312)
                        	at org.testng.SuiteRunner.privateRun(SuiteRunner.java:274)
                        	at org.testng.SuiteRunner.run(SuiteRunner.java:223)
                        	at org.testng.SuiteRunnerWorker.runSuite(SuiteRunnerWorker.java:52)
                        	at org.testng.SuiteRunnerWorker.run(SuiteRunnerWorker.java:86)
                        	at org.testng.TestNG.runSuitesSequentially(TestNG.java:1031)
                        	at org.testng.TestNG.runSuitesSequentially(TestNG.java:1027)
                        	at org.testng.TestNG.runSuitesLocally(TestNG.java:956)
                        	at org.testng.TestNG.run(TestNG.java:892)
                        	at org.testng.TestNG.privateMain(TestNG.java:1174)
                        	at org.testng.TestNG.main(TestNG.java:1138)
                     </pre>
                  </div>
               </td>
            </tr>
            <tr id="com.qtpselenium.suiteA.TestCase_A1_reportDataSetResult_byClass_PASS6_row"
                class="testMethodStatusPASS testMethodStatusCONF">
               <td width="100%" class="firstMethodCell">
                  <a onclick="toggleDetailsVisibility('com.qtpselenium.suiteA.TestCase_A1_reportDataSetResult_byClass_PASS6_details')">reportDataSetResult()</a>
               </td>
               <td nowrap="true">03:46:09</td>
               <td nowrap="true" align="right">47 ms
                  
               </td>
               <td nowrap="true">
                   
                  
               </td>
            </tr>
            <tr>
               <td colspan="4" class="detailsBox">
                  <div id="com.qtpselenium.suiteA.TestCase_A1_reportDataSetResult_byClass_PASS6_details"
                       class="testMethodDetails">
                     <div>
                        <b>Name: </b>reportDataSetResult
                     </div>
                     <div>
                        <b>Signature: </b>reportDataSetResult()
                     </div>
                     <div>
                        <b>Start time: </b>03:46:09
                     </div>
                     <div>
                        <b>End time: </b>03:46:09
                     </div>
                     <div>
                        <b>Duration: </b>47 ms
                        
                     </div>
                  </div>
               </td>
            </tr>
            <tr></tr>
            <tr id="com.qtpselenium.suiteA.TestCase_A1_testcaseA1_byClass_SKIP7_row"
                class="testMethodStatusSKIP">
               <td width="100%" class="firstMethodCell">
                  <a onclick="toggleDetailsVisibility('com.qtpselenium.suiteA.TestCase_A1_testcaseA1_byClass_SKIP7_details')">testcaseA1(Dummy Data_A1_9
                     
                     ,
                     
                     Dummy Data_A1_10
                     
                     ,
                     
                     Dummy Data_A1_11
                     
                     ,
                     
                     Dummy Data_A1_12)
                  </a>
               </td>
               <td nowrap="true">03:46:09</td>
               <td nowrap="true" align="right">0 ms
                  
               </td>
               <td nowrap="true">
                  <a onclick="toggleDetailsVisibility('com.qtpselenium.suiteA.TestCase_A1_testcaseA1_byClass_SKIP7_exception')">org.testng.SkipException: 
                     Runmode for test set data set to no 2
                     
                  </a>
                   
                  
               </td>
            </tr>
            <tr>
               <td colspan="4" class="detailsBox">
                  <div id="com.qtpselenium.suiteA.TestCase_A1_testcaseA1_byClass_SKIP7_details"
                       class="testMethodDetails">
                     <div>
                        <b>Name: </b>testcaseA1
                     </div>
                     <div>
                        <b>Signature: </b>testcaseA1(java.lang.String, java.lang.String, java.lang.String, java.lang.String)
                     </div>
                     <div>
                        <b>Parameters: </b>
                        
                        Dummy Data_A1_9
                        
                        ,
                        
                        Dummy Data_A1_10
                        
                        ,
                        
                        Dummy Data_A1_11
                        
                        ,
                        
                        Dummy Data_A1_12
                        
                        
                     </div>
                     <div>
                        <b>Start time: </b>03:46:09
                     </div>
                     <div>
                        <b>End time: </b>03:46:09
                     </div>
                     <div>
                        <b>Duration: </b>0 ms
                        
                     </div>
                  </div>
               </td>
            </tr>
            <tr>
               <td colspan="4" class="detailsBox">
                  <div id="com.qtpselenium.suiteA.TestCase_A1_testcaseA1_byClass_SKIP7_exception"
                       class="testMethodDetails">
                     <pre style="padding: 5px; margin: 0;">org.testng.SkipException: Runmode for test set data set to no 2
                        	at com.qtpselenium.suiteA.TestCase_A1.testcaseA1(TestCase_A1.java:45)
                        	at sun.reflect.NativeMethodAccessorImpl.invoke0(Native Method)
                        	at sun.reflect.NativeMethodAccessorImpl.invoke(Unknown Source)
                        	at sun.reflect.DelegatingMethodAccessorImpl.invoke(Unknown Source)
                        	at java.lang.reflect.Method.invoke(Unknown Source)
                        	at org.testng.internal.MethodInvocationHelper.invokeMethod(MethodInvocationHelper.java:74)
                        	at org.testng.internal.Invoker.invokeMethod(Invoker.java:673)
                        	at org.testng.internal.Invoker.invokeTestMethod(Invoker.java:846)
                        	at org.testng.internal.Invoker.invokeTestMethods(Invoker.java:1170)
                        	at org.testng.internal.TestMethodWorker.invokeTestMethods(TestMethodWorker.java:125)
                        	at org.testng.internal.TestMethodWorker.run(TestMethodWorker.java:109)
                        	at org.testng.TestRunner.runWorkers(TestRunner.java:1125)
                        	at org.testng.TestRunner.privateRun(TestRunner.java:749)
                        	at org.testng.TestRunner.run(TestRunner.java:600)
                        	at org.testng.SuiteRunner.runTest(SuiteRunner.java:317)
                        	at org.testng.SuiteRunner.runSequentially(SuiteRunner.java:312)
                        	at org.testng.SuiteRunner.privateRun(SuiteRunner.java:274)
                        	at org.testng.SuiteRunner.run(SuiteRunner.java:223)
                        	at org.testng.SuiteRunnerWorker.runSuite(SuiteRunnerWorker.java:52)
                        	at org.testng.SuiteRunnerWorker.run(SuiteRunnerWorker.java:86)
                        	at org.testng.TestNG.runSuitesSequentially(TestNG.java:1031)
                        	at org.testng.TestNG.runSuitesSequentially(TestNG.java:1027)
                        	at org.testng.TestNG.runSuitesLocally(TestNG.java:956)
                        	at org.testng.TestNG.run(TestNG.java:892)
                        	at org.testng.TestNG.privateMain(TestNG.java:1174)
                        	at org.testng.TestNG.main(TestNG.java:1138)
                     </pre>
                  </div>
               </td>
            </tr>
            <tr id="com.qtpselenium.suiteA.TestCase_A1_testcaseA1_byClass_PASS8_row"
                class="testMethodStatusPASS">
               <td width="100%" class="firstMethodCell">
                  <a onclick="toggleDetailsVisibility('com.qtpselenium.suiteA.TestCase_A1_testcaseA1_byClass_PASS8_details')">testcaseA1(Dummy Data_A1_13
                     
                     ,
                     
                     Dummy Data_A1_14
                     
                     ,
                     
                     Dummy Data_A1_15
                     
                     ,
                     
                     Dummy Data_A1_16)
                  </a>
               </td>
               <td nowrap="true">03:46:09</td>
               <td nowrap="true" align="right">0 ms
                  
               </td>
               <td nowrap="true">
                   
                  
               </td>
            </tr>
            <tr>
               <td colspan="4" class="detailsBox">
                  <div id="com.qtpselenium.suiteA.TestCase_A1_testcaseA1_byClass_PASS8_details"
                       class="testMethodDetails">
                     <div>
                        <b>Name: </b>testcaseA1
                     </div>
                     <div>
                        <b>Signature: </b>testcaseA1(java.lang.String, java.lang.String, java.lang.String, java.lang.String)
                     </div>
                     <div>
                        <b>Parameters: </b>
                        
                        Dummy Data_A1_13
                        
                        ,
                        
                        Dummy Data_A1_14
                        
                        ,
                        
                        Dummy Data_A1_15
                        
                        ,
                        
                        Dummy Data_A1_16
                        
                        
                     </div>
                     <div>
                        <b>Start time: </b>03:46:09
                     </div>
                     <div>
                        <b>End time: </b>03:46:09
                     </div>
                     <div>
                        <b>Duration: </b>0 ms
                        
                     </div>
                  </div>
               </td>
            </tr>
            <tr></tr>
            <tr id="com.qtpselenium.suiteA.TestCase_A1_reportDataSetResult_byClass_PASS9_row"
                class="testMethodStatusPASS testMethodStatusCONF">
               <td width="100%" class="firstMethodCell">
                  <a onclick="toggleDetailsVisibility('com.qtpselenium.suiteA.TestCase_A1_reportDataSetResult_byClass_PASS9_details')">reportDataSetResult()</a>
               </td>
               <td nowrap="true">03:46:09</td>
               <td nowrap="true" align="right">47 ms
                  
               </td>
               <td nowrap="true">
                   
                  
               </td>
            </tr>
            <tr>
               <td colspan="4" class="detailsBox">
                  <div id="com.qtpselenium.suiteA.TestCase_A1_reportDataSetResult_byClass_PASS9_details"
                       class="testMethodDetails">
                     <div>
                        <b>Name: </b>reportDataSetResult
                     </div>
                     <div>
                        <b>Signature: </b>reportDataSetResult()
                     </div>
                     <div>
                        <b>Start time: </b>03:46:09
                     </div>
                     <div>
                        <b>End time: </b>03:46:09
                     </div>
                     <div>
                        <b>Duration: </b>47 ms
                        
                     </div>
                  </div>
               </td>
            </tr>
            <tr></tr>
            <tr id="com.qtpselenium.suiteA.TestCase_A1_reportTestResult_byClass_PASS10_row"
                class="testMethodStatusPASS testMethodStatusCONF">
               <td width="100%" class="firstMethodCell">
                  <a onclick="toggleDetailsVisibility('com.qtpselenium.suiteA.TestCase_A1_reportTestResult_byClass_PASS10_details')">reportTestResult()</a>
               </td>
               <td nowrap="true">03:46:09</td>
               <td nowrap="true" align="right">31 ms
                  
               </td>
               <td nowrap="true">
                   
                  
               </td>
            </tr>
            <tr>
               <td colspan="4" class="detailsBox">
                  <div id="com.qtpselenium.suiteA.TestCase_A1_reportTestResult_byClass_PASS10_details"
                       class="testMethodDetails">
                     <div>
                        <b>Name: </b>reportTestResult
                     </div>
                     <div>
                        <b>Signature: </b>reportTestResult()
                     </div>
                     <div>
                        <b>Start time: </b>03:46:09
                     </div>
                     <div>
                        <b>End time: </b>03:46:09
                     </div>
                     <div>
                        <b>Duration: </b>31 ms
                        
                     </div>
                  </div>
               </td>
            </tr>
            <tr></tr>
         </table>
         <br></br>
         <table class="testMethodsTable" cellpadding="0" cellspacing="0">
            <tr>
               <td colspan="4">
                  <h3 style="display: inline;">com.qtpselenium.suiteA.TestCase_A2</h3>
               </td>
            </tr>
            <tr class="methodsTableHeader">
               <td width="100%">Name</td>
               <td nowrap="true">Started</td>
               <td nowrap="true">Duration</td>
               <td>Exception</td>
            </tr>
            <tr id="com.qtpselenium.suiteA.TestCase_A2_checkSuiteSkip_byClass_PASS1_row"
                class="testMethodStatusPASS testMethodStatusCONF">
               <td width="100%" class="firstMethodCell">
                  <a onclick="toggleDetailsVisibility('com.qtpselenium.suiteA.TestCase_A2_checkSuiteSkip_byClass_PASS1_details')">checkSuiteSkip()</a>
               </td>
               <td nowrap="true">03:46:08</td>
               <td nowrap="true" align="right">906 ms
                  
               </td>
               <td nowrap="true">
                   
                  
               </td>
            </tr>
            <tr>
               <td colspan="4" class="detailsBox">
                  <div id="com.qtpselenium.suiteA.TestCase_A2_checkSuiteSkip_byClass_PASS1_details"
                       class="testMethodDetails">
                     <div>
                        <b>Name: </b>checkSuiteSkip
                     </div>
                     <div>
                        <b>Signature: </b>checkSuiteSkip()
                     </div>
                     <div>
                        <b>Start time: </b>03:46:08
                     </div>
                     <div>
                        <b>End time: </b>03:46:09
                     </div>
                     <div>
                        <b>Duration: </b>906 ms
                        
                     </div>
                  </div>
               </td>
            </tr>
            <tr></tr>
            <tr id="com.qtpselenium.suiteA.TestCase_A2_testcaseA2_byClass_SKIP2_row"
                class="testMethodStatusSKIP">
               <td width="100%" class="firstMethodCell">
                  <a onclick="toggleDetailsVisibility('com.qtpselenium.suiteA.TestCase_A2_testcaseA2_byClass_SKIP2_details')">testcaseA2(Dummy Data_A2_4
                     
                     ,
                     
                     Dummy Data_A2_5
                     
                     ,
                     
                     Dummy Data_A2_6)
                  </a>
               </td>
               <td nowrap="true">03:46:09</td>
               <td nowrap="true" align="right">0 ms
                  
               </td>
               <td nowrap="true">
                  <a onclick="toggleDetailsVisibility('com.qtpselenium.suiteA.TestCase_A2_testcaseA2_byClass_SKIP2_exception')">org.testng.SkipException: 
                     Runmode for test set data set to no 1
                     
                  </a>
                   
                  
               </td>
            </tr>
            <tr>
               <td colspan="4" class="detailsBox">
                  <div id="com.qtpselenium.suiteA.TestCase_A2_testcaseA2_byClass_SKIP2_details"
                       class="testMethodDetails">
                     <div>
                        <b>Name: </b>testcaseA2
                     </div>
                     <div>
                        <b>Signature: </b>testcaseA2(java.lang.String, java.lang.String, java.lang.String)
                     </div>
                     <div>
                        <b>Parameters: </b>
                        
                        Dummy Data_A2_4
                        
                        ,
                        
                        Dummy Data_A2_5
                        
                        ,
                        
                        Dummy Data_A2_6
                        
                        
                     </div>
                     <div>
                        <b>Start time: </b>03:46:09
                     </div>
                     <div>
                        <b>End time: </b>03:46:09
                     </div>
                     <div>
                        <b>Duration: </b>0 ms
                        
                     </div>
                  </div>
               </td>
            </tr>
            <tr>
               <td colspan="4" class="detailsBox">
                  <div id="com.qtpselenium.suiteA.TestCase_A2_testcaseA2_byClass_SKIP2_exception"
                       class="testMethodDetails">
                     <pre style="padding: 5px; margin: 0;">org.testng.SkipException: Runmode for test set data set to no 1
                        	at com.qtpselenium.suiteA.TestCase_A2.testcaseA2(TestCase_A2.java:33)
                        	at sun.reflect.NativeMethodAccessorImpl.invoke0(Native Method)
                        	at sun.reflect.NativeMethodAccessorImpl.invoke(Unknown Source)
                        	at sun.reflect.DelegatingMethodAccessorImpl.invoke(Unknown Source)
                        	at java.lang.reflect.Method.invoke(Unknown Source)
                        	at org.testng.internal.MethodInvocationHelper.invokeMethod(MethodInvocationHelper.java:74)
                        	at org.testng.internal.Invoker.invokeMethod(Invoker.java:673)
                        	at org.testng.internal.Invoker.invokeTestMethod(Invoker.java:846)
                        	at org.testng.internal.Invoker.invokeTestMethods(Invoker.java:1170)
                        	at org.testng.internal.TestMethodWorker.invokeTestMethods(TestMethodWorker.java:125)
                        	at org.testng.internal.TestMethodWorker.run(TestMethodWorker.java:109)
                        	at org.testng.TestRunner.runWorkers(TestRunner.java:1125)
                        	at org.testng.TestRunner.privateRun(TestRunner.java:749)
                        	at org.testng.TestRunner.run(TestRunner.java:600)
                        	at org.testng.SuiteRunner.runTest(SuiteRunner.java:317)
                        	at org.testng.SuiteRunner.runSequentially(SuiteRunner.java:312)
                        	at org.testng.SuiteRunner.privateRun(SuiteRunner.java:274)
                        	at org.testng.SuiteRunner.run(SuiteRunner.java:223)
                        	at org.testng.SuiteRunnerWorker.runSuite(SuiteRunnerWorker.java:52)
                        	at org.testng.SuiteRunnerWorker.run(SuiteRunnerWorker.java:86)
                        	at org.testng.TestNG.runSuitesSequentially(TestNG.java:1031)
                        	at org.testng.TestNG.runSuitesSequentially(TestNG.java:1027)
                        	at org.testng.TestNG.runSuitesLocally(TestNG.java:956)
                        	at org.testng.TestNG.run(TestNG.java:892)
                        	at org.testng.TestNG.privateMain(TestNG.java:1174)
                        	at org.testng.TestNG.main(TestNG.java:1138)
                     </pre>
                  </div>
               </td>
            </tr>
            <tr id="com.qtpselenium.suiteA.TestCase_A2_testcaseA2_byClass_PASS3_row"
                class="testMethodStatusPASS">
               <td width="100%" class="firstMethodCell">
                  <a onclick="toggleDetailsVisibility('com.qtpselenium.suiteA.TestCase_A2_testcaseA2_byClass_PASS3_details')">testcaseA2(Dummy Data_A2_1
                     
                     ,
                     
                     Dummy Data_A2_2
                     
                     ,
                     
                     Dummy Data_A2_3)
                  </a>
               </td>
               <td nowrap="true">03:46:09</td>
               <td nowrap="true" align="right">0 ms
                  
               </td>
               <td nowrap="true">
                   
                  
               </td>
            </tr>
            <tr>
               <td colspan="4" class="detailsBox">
                  <div id="com.qtpselenium.suiteA.TestCase_A2_testcaseA2_byClass_PASS3_details"
                       class="testMethodDetails">
                     <div>
                        <b>Name: </b>testcaseA2
                     </div>
                     <div>
                        <b>Signature: </b>testcaseA2(java.lang.String, java.lang.String, java.lang.String)
                     </div>
                     <div>
                        <b>Parameters: </b>
                        
                        Dummy Data_A2_1
                        
                        ,
                        
                        Dummy Data_A2_2
                        
                        ,
                        
                        Dummy Data_A2_3
                        
                        
                     </div>
                     <div>
                        <b>Start time: </b>03:46:09
                     </div>
                     <div>
                        <b>End time: </b>03:46:09
                     </div>
                     <div>
                        <b>Duration: </b>0 ms
                        
                     </div>
                  </div>
               </td>
            </tr>
            <tr></tr>
            <tr id="com.qtpselenium.suiteA.TestCase_A2_checkTestSkip_byClass_PASS4_row"
                class="testMethodStatusPASS testMethodStatusCONF">
               <td width="100%" class="firstMethodCell">
                  <a onclick="toggleDetailsVisibility('com.qtpselenium.suiteA.TestCase_A2_checkTestSkip_byClass_PASS4_details')">checkTestSkip()</a>
               </td>
               <td nowrap="true">03:46:09</td>
               <td nowrap="true" align="right">0 ms
                  
               </td>
               <td nowrap="true">
                   
                  
               </td>
            </tr>
            <tr>
               <td colspan="4" class="detailsBox">
                  <div id="com.qtpselenium.suiteA.TestCase_A2_checkTestSkip_byClass_PASS4_details"
                       class="testMethodDetails">
                     <div>
                        <b>Name: </b>checkTestSkip
                     </div>
                     <div>
                        <b>Signature: </b>checkTestSkip()
                     </div>
                     <div>
                        <b>Start time: </b>03:46:09
                     </div>
                     <div>
                        <b>End time: </b>03:46:09
                     </div>
                     <div>
                        <b>Duration: </b>0 ms
                        
                     </div>
                  </div>
               </td>
            </tr>
            <tr></tr>
         </table>
         <br></br>
      </div>
      <div style="margin-top: 15px; color: gray; text-align: center; font-size: 9px;">
         Generated with
         
         <a href="http://code.google.com/p/testng-xslt/" style="color: #8888aa;"
            target="_blank">
            TestNG XSLT
            
         </a>
      </div>
   </body>
</html>