<?xml version="1.0" encoding="UTF-8"?>
<!-- Generated by org.testng.reporters.JUnitReportReporter -->
<testsuite hostname="ATLANTISPC-274" name="com.qtpselenium.suiteA.TestCase_A1" tests="1" failures="0" timestamp="7 Mar 2016 14:33:26 GMT" time="0.003" errors="1">
  <testcase name="testcaseA1" time="0.003" classname="com.qtpselenium.suiteA.TestCase_A1">
    <error type="org.testng.TestNGException" message="
The data provider is trying to pass 0 parameters but the method com.qtpselenium.suiteA.TestCase_A1#testcaseA1 takes 2 and TestNG is unable in inject a suitable object">
      <![CDATA[org.testng.TestNGException: 
The data provider is trying to pass 0 parameters but the method com.qtpselenium.suiteA.TestCase_A1#testcaseA1 takes 2 and TestNG is unable in inject a suitable object
	at org.testng.internal.Invoker.injectParameters(Invoker.java:1265)
	at org.testng.internal.Invoker.invokeTestMethods(Invoker.java:1136)
	at org.testng.internal.TestMethodWorker.invokeTestMethods(TestMethodWorker.java:124)
	at org.testng.internal.TestMethodWorker.run(TestMethodWorker.java:108)
	at org.testng.TestRunner.privateRun(TestRunner.java:771)
	at org.testng.TestRunner.run(TestRunner.java:621)
	at org.testng.SuiteRunner.runTest(SuiteRunner.java:357)
	at org.testng.SuiteRunner.runSequentially(SuiteRunner.java:352)
	at org.testng.SuiteRunner.privateRun(SuiteRunner.java:310)
	at org.testng.SuiteRunner.run(SuiteRunner.java:259)
	at org.testng.SuiteRunnerWorker.runSuite(SuiteRunnerWorker.java:52)
	at org.testng.SuiteRunnerWorker.run(SuiteRunnerWorker.java:86)
	at org.testng.TestNG.runSuitesSequentially(TestNG.java:1176)
	at org.testng.TestNG.runSuitesLocally(TestNG.java:1101)
	at org.testng.TestNG.run(TestNG.java:1009)
	at org.testng.remote.RemoteTestNG.run(RemoteTestNG.java:111)
	at org.testng.remote.RemoteTestNG.initAndRun(RemoteTestNG.java:204)
	at org.testng.remote.RemoteTestNG.main(RemoteTestNG.java:175)
Caused by: java.lang.ArrayIndexOutOfBoundsException: 0
	at org.testng.internal.Invoker.injectParameters(Invoker.java:1263)
	... 17 more
]]>
    </error>
  </testcase> <!-- testcaseA1 -->
</testsuite> <!-- com.qtpselenium.suiteA.TestCase_A1 -->
