<html>
<head>
<title>TestNG:  Create CaseManager</title>
<link href="../testng.css" rel="stylesheet" type="text/css" />
<link href="../my-testng.css" rel="stylesheet" type="text/css" />

<style type="text/css">
.log { display: none;} 
.stack-trace { display: none;} 
</style>
<script type="text/javascript">
<!--
function flip(e) {
  current = e.style.display;
  if (current == 'block') {
    e.style.display = 'none';
    return 0;
  }
  else {
    e.style.display = 'block';
    return 1;
  }
}

function toggleBox(szDivId, elem, msg1, msg2)
{
  var res = -1;  if (document.getElementById) {
    res = flip(document.getElementById(szDivId));
  }
  else if (document.all) {
    // this is the way old msie versions work
    res = flip(document.all[szDivId]);
  }
  if(elem) {
    if(res == 0) elem.innerHTML = msg1; else elem.innerHTML = msg2;
  }

}

function toggleAllBoxes() {
  if (document.getElementsByTagName) {
    d = document.getElementsByTagName('div');
    for (i = 0; i < d.length; i++) {
      if (d[i].className == 'log') {
        flip(d[i]);
      }
    }
  }
}

// -->
</script>

</head>
<body>
<h2 align='center'>Create CaseManager</h2><table border='1' align="center">
<tr>
<td>Tests passed/Failed/Skipped:</td><td>2/0/7</td>
</tr><tr>
<td>Started on:</td><td>Mon Aug 08 11:20:06 EDT 2016</td>
</tr>
<tr><td>Total time:</td><td>79 seconds (79863 ms)</td>
</tr><tr>
<td>Included groups:</td><td></td>
</tr><tr>
<td>Excluded groups:</td><td></td>
</tr>
</table><p/>
<small><i>(Hover the method name to see the test class name)</i></small><p/>
<table width='100%' border='1' class='invocation-passed'>
<tr><td colspan='4' align='center'><b>PASSED TESTS</b></td></tr>
<tr><td><b>Test method</b></td>
<td width="30%"><b>Exception</b></td>
<td width="10%"><b>Time (seconds)</b></td>
<td><b>Instance</b></td>
</tr>
<tr>
<td title='com.qtpselenium.suiteB.Create_CaseManager.create_CaseManager()'><b>create_CaseManager</b><br>Test class: com.qtpselenium.suiteB.Create_CaseManager<br>Parameters: John, Khan, Dummy Data_B1_3, Dummy Data_B1_4<br/>
<a href="#Output-17655908" onClick='toggleBox("Output-17655908", this, "Show output", "Hide output");'>Show output</a>

<a href="#Output-17655908" onClick="toggleAllBoxes();">Show all outputs</a>
<div class='log' id="Output-17655908">
Completed executing following method : Create_CaseManager.create_CaseManager<br/>
Count value before count++:-1<br/>
Test Passed:create_CaseManager<br/>
Count value after count++:0<br/>
About to begin executing following method : Create_CaseManager.reportDataSetResult<br/>
</div>
</td>
<td></td>
<td>37</td>
<td>com.qtpselenium.suiteB.Create_CaseManager@4fbe5475</td></tr>
<tr>
<td title='com.qtpselenium.suiteB.Create_CaseManager.create_CaseManager()'><b>create_CaseManager</b><br>Test class: com.qtpselenium.suiteB.Create_CaseManager<br>Parameters: Kabir, gafur, Dummy Data_B1_3, Dummy Data_B1_4<br/>
<a href="#Output-849771448" onClick='toggleBox("Output-849771448", this, "Show output", "Hide output");'>Show output</a>

<a href="#Output-849771448" onClick="toggleAllBoxes();">Show all outputs</a>
<div class='log' id="Output-849771448">
Completed executing following method : Create_CaseManager.create_CaseManager<br/>
Count value before count++:0<br/>
Test Passed:create_CaseManager<br/>
Count value after count++:1<br/>
About to begin executing following method : Create_CaseManager.reportDataSetResult<br/>
</div>
</td>
<td></td>
<td>38</td>
<td>com.qtpselenium.suiteB.Create_CaseManager@4fbe5475</td></tr>
</table><p>
<table width='100%' border='1' class='invocation-skipped'>
<tr><td colspan='4' align='center'><b>SKIPPED TESTS</b></td></tr>
<tr><td><b>Test method</b></td>
<td width="30%"><b>Exception</b></td>
<td width="10%"><b>Time (seconds)</b></td>
<td><b>Instance</b></td>
</tr>
<tr>
<td title='com.qtpselenium.suiteB.Create_CaseManager.create_CaseManager()'><b>create_CaseManager</b><br>Test class: com.qtpselenium.suiteB.Create_CaseManager<br>Parameters: Khan, christian, Dummy Data_B1_3, Dummy Data_B1_4<br/>
<a href="#Output-796817404" onClick='toggleBox("Output-796817404", this, "Show output", "Hide output");'>Show output</a>

<a href="#Output-796817404" onClick="toggleAllBoxes();">Show all outputs</a>
<div class='log' id="Output-796817404">
Completed executing following method : Create_CaseManager.create_CaseManager<br/>
Test Skipped create_CaseManager<br/>
About to begin executing following method : Create_CaseManager.reportDataSetResult<br/>
</div>
</td>
<td><div><pre>org.testng.SkipException: Runmode for test set data set to no 2
	at com.qtpselenium.suiteB.Create_CaseManager.create_CaseManager(Create_CaseManager.java:48)
... Removed 25 stack frames</pre></div><a href='#' onClick='toggleBox("stack-trace796817404", this, "Click to show all stack frames", "Click to hide stack frames")'>Click to show all stack frames</a>
<div class='stack-trace' id='stack-trace796817404'><pre>org.testng.SkipException: Runmode for test set data set to no 2
	at com.qtpselenium.suiteB.Create_CaseManager.create_CaseManager(Create_CaseManager.java:48)
	at sun.reflect.NativeMethodAccessorImpl.invoke0(Native Method)
	at sun.reflect.NativeMethodAccessorImpl.invoke(NativeMethodAccessorImpl.java:57)
	at sun.reflect.DelegatingMethodAccessorImpl.invoke(DelegatingMethodAccessorImpl.java:43)
	at java.lang.reflect.Method.invoke(Method.java:606)
	at org.testng.internal.MethodInvocationHelper.invokeMethod(MethodInvocationHelper.java:85)
	at org.testng.internal.Invoker.invokeMethod(Invoker.java:648)
	at org.testng.internal.Invoker.invokeTestMethod(Invoker.java:834)
	at org.testng.internal.Invoker.invokeTestMethods(Invoker.java:1142)
	at org.testng.internal.TestMethodWorker.invokeTestMethods(TestMethodWorker.java:124)
	at org.testng.internal.TestMethodWorker.run(TestMethodWorker.java:108)
	at org.testng.TestRunner.privateRun(TestRunner.java:771)
	at org.testng.TestRunner.run(TestRunner.java:621)
	at org.testng.SuiteRunner.runTest(SuiteRunner.java:357)
	at org.testng.SuiteRunner.runSequentially(SuiteRunner.java:352)
	at org.testng.SuiteRunner.privateRun(SuiteRunner.java:310)
	at org.testng.SuiteRunner.run(SuiteRunner.java:259)
	at org.testng.SuiteRunnerWorker.runSuite(SuiteRunnerWorker.java:52)
	at org.testng.SuiteRunnerWorker.run(SuiteRunnerWorker.java:86)
	at org.testng.TestNG.runSuitesSequentially(TestNG.java:1176)
	at org.testng.TestNG.runSuitesSequentially(TestNG.java:1172)
	at org.testng.TestNG.runSuitesLocally(TestNG.java:1101)
	at org.testng.TestNG.run(TestNG.java:1009)
	at org.testng.remote.RemoteTestNG.run(RemoteTestNG.java:111)
	at org.testng.remote.RemoteTestNG.initAndRun(RemoteTestNG.java:204)
	at org.testng.remote.RemoteTestNG.main(RemoteTestNG.java:175)
</pre></div></td>
<td>0</td>
<td>com.qtpselenium.suiteB.Create_CaseManager@4fbe5475</td></tr>
<tr>
<td title='com.qtpselenium.suiteB.Create_CaseManager.create_CaseManager()'><b>create_CaseManager</b><br>Test class: com.qtpselenium.suiteB.Create_CaseManager<br>Parameters: tiger, Hindu, Dummy Data_B1_3, Dummy Data_B1_4<br/>
<a href="#Output-1735567024" onClick='toggleBox("Output-1735567024", this, "Show output", "Hide output");'>Show output</a>

<a href="#Output-1735567024" onClick="toggleAllBoxes();">Show all outputs</a>
<div class='log' id="Output-1735567024">
Completed executing following method : Create_CaseManager.create_CaseManager<br/>
Test Skipped create_CaseManager<br/>
About to begin executing following method : Create_CaseManager.reportDataSetResult<br/>
</div>
</td>
<td><div><pre>org.testng.SkipException: Runmode for test set data set to no 3
	at com.qtpselenium.suiteB.Create_CaseManager.create_CaseManager(Create_CaseManager.java:48)
... Removed 25 stack frames</pre></div><a href='#' onClick='toggleBox("stack-trace1735567024", this, "Click to show all stack frames", "Click to hide stack frames")'>Click to show all stack frames</a>
<div class='stack-trace' id='stack-trace1735567024'><pre>org.testng.SkipException: Runmode for test set data set to no 3
	at com.qtpselenium.suiteB.Create_CaseManager.create_CaseManager(Create_CaseManager.java:48)
	at sun.reflect.NativeMethodAccessorImpl.invoke0(Native Method)
	at sun.reflect.NativeMethodAccessorImpl.invoke(NativeMethodAccessorImpl.java:57)
	at sun.reflect.DelegatingMethodAccessorImpl.invoke(DelegatingMethodAccessorImpl.java:43)
	at java.lang.reflect.Method.invoke(Method.java:606)
	at org.testng.internal.MethodInvocationHelper.invokeMethod(MethodInvocationHelper.java:85)
	at org.testng.internal.Invoker.invokeMethod(Invoker.java:648)
	at org.testng.internal.Invoker.invokeTestMethod(Invoker.java:834)
	at org.testng.internal.Invoker.invokeTestMethods(Invoker.java:1142)
	at org.testng.internal.TestMethodWorker.invokeTestMethods(TestMethodWorker.java:124)
	at org.testng.internal.TestMethodWorker.run(TestMethodWorker.java:108)
	at org.testng.TestRunner.privateRun(TestRunner.java:771)
	at org.testng.TestRunner.run(TestRunner.java:621)
	at org.testng.SuiteRunner.runTest(SuiteRunner.java:357)
	at org.testng.SuiteRunner.runSequentially(SuiteRunner.java:352)
	at org.testng.SuiteRunner.privateRun(SuiteRunner.java:310)
	at org.testng.SuiteRunner.run(SuiteRunner.java:259)
	at org.testng.SuiteRunnerWorker.runSuite(SuiteRunnerWorker.java:52)
	at org.testng.SuiteRunnerWorker.run(SuiteRunnerWorker.java:86)
	at org.testng.TestNG.runSuitesSequentially(TestNG.java:1176)
	at org.testng.TestNG.runSuitesSequentially(TestNG.java:1172)
	at org.testng.TestNG.runSuitesLocally(TestNG.java:1101)
	at org.testng.TestNG.run(TestNG.java:1009)
	at org.testng.remote.RemoteTestNG.run(RemoteTestNG.java:111)
	at org.testng.remote.RemoteTestNG.initAndRun(RemoteTestNG.java:204)
	at org.testng.remote.RemoteTestNG.main(RemoteTestNG.java:175)
</pre></div></td>
<td>0</td>
<td>com.qtpselenium.suiteB.Create_CaseManager@4fbe5475</td></tr>
<tr>
<td title='com.qtpselenium.suiteB.Create_CaseManager.create_CaseManager()'><b>create_CaseManager</b><br>Test class: com.qtpselenium.suiteB.Create_CaseManager<br>Parameters: Shakeel, sikh, Dummy Data_B1_3, Dummy Data_B1_4<br/>
<a href="#Output-2040442083" onClick='toggleBox("Output-2040442083", this, "Show output", "Hide output");'>Show output</a>

<a href="#Output-2040442083" onClick="toggleAllBoxes();">Show all outputs</a>
<div class='log' id="Output-2040442083">
Completed executing following method : Create_CaseManager.create_CaseManager<br/>
Test Skipped create_CaseManager<br/>
About to begin executing following method : Create_CaseManager.reportDataSetResult<br/>
</div>
</td>
<td><div><pre>org.testng.SkipException: Runmode for test set data set to no 4
	at com.qtpselenium.suiteB.Create_CaseManager.create_CaseManager(Create_CaseManager.java:48)
... Removed 25 stack frames</pre></div><a href='#' onClick='toggleBox("stack-trace2040442083", this, "Click to show all stack frames", "Click to hide stack frames")'>Click to show all stack frames</a>
<div class='stack-trace' id='stack-trace2040442083'><pre>org.testng.SkipException: Runmode for test set data set to no 4
	at com.qtpselenium.suiteB.Create_CaseManager.create_CaseManager(Create_CaseManager.java:48)
	at sun.reflect.NativeMethodAccessorImpl.invoke0(Native Method)
	at sun.reflect.NativeMethodAccessorImpl.invoke(NativeMethodAccessorImpl.java:57)
	at sun.reflect.DelegatingMethodAccessorImpl.invoke(DelegatingMethodAccessorImpl.java:43)
	at java.lang.reflect.Method.invoke(Method.java:606)
	at org.testng.internal.MethodInvocationHelper.invokeMethod(MethodInvocationHelper.java:85)
	at org.testng.internal.Invoker.invokeMethod(Invoker.java:648)
	at org.testng.internal.Invoker.invokeTestMethod(Invoker.java:834)
	at org.testng.internal.Invoker.invokeTestMethods(Invoker.java:1142)
	at org.testng.internal.TestMethodWorker.invokeTestMethods(TestMethodWorker.java:124)
	at org.testng.internal.TestMethodWorker.run(TestMethodWorker.java:108)
	at org.testng.TestRunner.privateRun(TestRunner.java:771)
	at org.testng.TestRunner.run(TestRunner.java:621)
	at org.testng.SuiteRunner.runTest(SuiteRunner.java:357)
	at org.testng.SuiteRunner.runSequentially(SuiteRunner.java:352)
	at org.testng.SuiteRunner.privateRun(SuiteRunner.java:310)
	at org.testng.SuiteRunner.run(SuiteRunner.java:259)
	at org.testng.SuiteRunnerWorker.runSuite(SuiteRunnerWorker.java:52)
	at org.testng.SuiteRunnerWorker.run(SuiteRunnerWorker.java:86)
	at org.testng.TestNG.runSuitesSequentially(TestNG.java:1176)
	at org.testng.TestNG.runSuitesSequentially(TestNG.java:1172)
	at org.testng.TestNG.runSuitesLocally(TestNG.java:1101)
	at org.testng.TestNG.run(TestNG.java:1009)
	at org.testng.remote.RemoteTestNG.run(RemoteTestNG.java:111)
	at org.testng.remote.RemoteTestNG.initAndRun(RemoteTestNG.java:204)
	at org.testng.remote.RemoteTestNG.main(RemoteTestNG.java:175)
</pre></div></td>
<td>0</td>
<td>com.qtpselenium.suiteB.Create_CaseManager@4fbe5475</td></tr>
<tr>
<td title='com.qtpselenium.suiteB.Create_CaseManager.create_CaseManager()'><b>create_CaseManager</b><br>Test class: com.qtpselenium.suiteB.Create_CaseManager<br>Parameters: Aftab, Muslim, Dummy Data_B1_3, Dummy Data_B1_4<br/>
<a href="#Output-579744668" onClick='toggleBox("Output-579744668", this, "Show output", "Hide output");'>Show output</a>

<a href="#Output-579744668" onClick="toggleAllBoxes();">Show all outputs</a>
<div class='log' id="Output-579744668">
Completed executing following method : Create_CaseManager.create_CaseManager<br/>
Test Skipped create_CaseManager<br/>
About to begin executing following method : Create_CaseManager.reportDataSetResult<br/>
</div>
</td>
<td><div><pre>org.testng.SkipException: Runmode for test set data set to no 5
	at com.qtpselenium.suiteB.Create_CaseManager.create_CaseManager(Create_CaseManager.java:48)
... Removed 25 stack frames</pre></div><a href='#' onClick='toggleBox("stack-trace579744668", this, "Click to show all stack frames", "Click to hide stack frames")'>Click to show all stack frames</a>
<div class='stack-trace' id='stack-trace579744668'><pre>org.testng.SkipException: Runmode for test set data set to no 5
	at com.qtpselenium.suiteB.Create_CaseManager.create_CaseManager(Create_CaseManager.java:48)
	at sun.reflect.NativeMethodAccessorImpl.invoke0(Native Method)
	at sun.reflect.NativeMethodAccessorImpl.invoke(NativeMethodAccessorImpl.java:57)
	at sun.reflect.DelegatingMethodAccessorImpl.invoke(DelegatingMethodAccessorImpl.java:43)
	at java.lang.reflect.Method.invoke(Method.java:606)
	at org.testng.internal.MethodInvocationHelper.invokeMethod(MethodInvocationHelper.java:85)
	at org.testng.internal.Invoker.invokeMethod(Invoker.java:648)
	at org.testng.internal.Invoker.invokeTestMethod(Invoker.java:834)
	at org.testng.internal.Invoker.invokeTestMethods(Invoker.java:1142)
	at org.testng.internal.TestMethodWorker.invokeTestMethods(TestMethodWorker.java:124)
	at org.testng.internal.TestMethodWorker.run(TestMethodWorker.java:108)
	at org.testng.TestRunner.privateRun(TestRunner.java:771)
	at org.testng.TestRunner.run(TestRunner.java:621)
	at org.testng.SuiteRunner.runTest(SuiteRunner.java:357)
	at org.testng.SuiteRunner.runSequentially(SuiteRunner.java:352)
	at org.testng.SuiteRunner.privateRun(SuiteRunner.java:310)
	at org.testng.SuiteRunner.run(SuiteRunner.java:259)
	at org.testng.SuiteRunnerWorker.runSuite(SuiteRunnerWorker.java:52)
	at org.testng.SuiteRunnerWorker.run(SuiteRunnerWorker.java:86)
	at org.testng.TestNG.runSuitesSequentially(TestNG.java:1176)
	at org.testng.TestNG.runSuitesSequentially(TestNG.java:1172)
	at org.testng.TestNG.runSuitesLocally(TestNG.java:1101)
	at org.testng.TestNG.run(TestNG.java:1009)
	at org.testng.remote.RemoteTestNG.run(RemoteTestNG.java:111)
	at org.testng.remote.RemoteTestNG.initAndRun(RemoteTestNG.java:204)
	at org.testng.remote.RemoteTestNG.main(RemoteTestNG.java:175)
</pre></div></td>
<td>0</td>
<td>com.qtpselenium.suiteB.Create_CaseManager@4fbe5475</td></tr>
<tr>
<td title='com.qtpselenium.suiteB.Create_CaseManager.create_CaseManager()'><b>create_CaseManager</b><br>Test class: com.qtpselenium.suiteB.Create_CaseManager<br>Parameters: Abdul, Gujarati, Dummy Data_B1_3, Dummy Data_B1_4<br/>
<a href="#Output-111720692" onClick='toggleBox("Output-111720692", this, "Show output", "Hide output");'>Show output</a>

<a href="#Output-111720692" onClick="toggleAllBoxes();">Show all outputs</a>
<div class='log' id="Output-111720692">
Completed executing following method : Create_CaseManager.create_CaseManager<br/>
Test Skipped create_CaseManager<br/>
About to begin executing following method : Create_CaseManager.reportDataSetResult<br/>
</div>
</td>
<td><div><pre>org.testng.SkipException: Runmode for test set data set to no 6
	at com.qtpselenium.suiteB.Create_CaseManager.create_CaseManager(Create_CaseManager.java:48)
... Removed 25 stack frames</pre></div><a href='#' onClick='toggleBox("stack-trace111720692", this, "Click to show all stack frames", "Click to hide stack frames")'>Click to show all stack frames</a>
<div class='stack-trace' id='stack-trace111720692'><pre>org.testng.SkipException: Runmode for test set data set to no 6
	at com.qtpselenium.suiteB.Create_CaseManager.create_CaseManager(Create_CaseManager.java:48)
	at sun.reflect.NativeMethodAccessorImpl.invoke0(Native Method)
	at sun.reflect.NativeMethodAccessorImpl.invoke(NativeMethodAccessorImpl.java:57)
	at sun.reflect.DelegatingMethodAccessorImpl.invoke(DelegatingMethodAccessorImpl.java:43)
	at java.lang.reflect.Method.invoke(Method.java:606)
	at org.testng.internal.MethodInvocationHelper.invokeMethod(MethodInvocationHelper.java:85)
	at org.testng.internal.Invoker.invokeMethod(Invoker.java:648)
	at org.testng.internal.Invoker.invokeTestMethod(Invoker.java:834)
	at org.testng.internal.Invoker.invokeTestMethods(Invoker.java:1142)
	at org.testng.internal.TestMethodWorker.invokeTestMethods(TestMethodWorker.java:124)
	at org.testng.internal.TestMethodWorker.run(TestMethodWorker.java:108)
	at org.testng.TestRunner.privateRun(TestRunner.java:771)
	at org.testng.TestRunner.run(TestRunner.java:621)
	at org.testng.SuiteRunner.runTest(SuiteRunner.java:357)
	at org.testng.SuiteRunner.runSequentially(SuiteRunner.java:352)
	at org.testng.SuiteRunner.privateRun(SuiteRunner.java:310)
	at org.testng.SuiteRunner.run(SuiteRunner.java:259)
	at org.testng.SuiteRunnerWorker.runSuite(SuiteRunnerWorker.java:52)
	at org.testng.SuiteRunnerWorker.run(SuiteRunnerWorker.java:86)
	at org.testng.TestNG.runSuitesSequentially(TestNG.java:1176)
	at org.testng.TestNG.runSuitesSequentially(TestNG.java:1172)
	at org.testng.TestNG.runSuitesLocally(TestNG.java:1101)
	at org.testng.TestNG.run(TestNG.java:1009)
	at org.testng.remote.RemoteTestNG.run(RemoteTestNG.java:111)
	at org.testng.remote.RemoteTestNG.initAndRun(RemoteTestNG.java:204)
	at org.testng.remote.RemoteTestNG.main(RemoteTestNG.java:175)
</pre></div></td>
<td>0</td>
<td>com.qtpselenium.suiteB.Create_CaseManager@4fbe5475</td></tr>
<tr>
<td title='com.qtpselenium.suiteB.Create_CaseManager.create_CaseManager()'><b>create_CaseManager</b><br>Test class: com.qtpselenium.suiteB.Create_CaseManager<br>Parameters: Rahim, Patel, Dummy Data_B1_3, Dummy Data_B1_4<br/>
<a href="#Output-1006722230" onClick='toggleBox("Output-1006722230", this, "Show output", "Hide output");'>Show output</a>

<a href="#Output-1006722230" onClick="toggleAllBoxes();">Show all outputs</a>
<div class='log' id="Output-1006722230">
Completed executing following method : Create_CaseManager.create_CaseManager<br/>
Test Skipped create_CaseManager<br/>
About to begin executing following method : Create_CaseManager.reportDataSetResult<br/>
</div>
</td>
<td><div><pre>org.testng.SkipException: Runmode for test set data set to no 7
	at com.qtpselenium.suiteB.Create_CaseManager.create_CaseManager(Create_CaseManager.java:48)
... Removed 25 stack frames</pre></div><a href='#' onClick='toggleBox("stack-trace1006722230", this, "Click to show all stack frames", "Click to hide stack frames")'>Click to show all stack frames</a>
<div class='stack-trace' id='stack-trace1006722230'><pre>org.testng.SkipException: Runmode for test set data set to no 7
	at com.qtpselenium.suiteB.Create_CaseManager.create_CaseManager(Create_CaseManager.java:48)
	at sun.reflect.NativeMethodAccessorImpl.invoke0(Native Method)
	at sun.reflect.NativeMethodAccessorImpl.invoke(NativeMethodAccessorImpl.java:57)
	at sun.reflect.DelegatingMethodAccessorImpl.invoke(DelegatingMethodAccessorImpl.java:43)
	at java.lang.reflect.Method.invoke(Method.java:606)
	at org.testng.internal.MethodInvocationHelper.invokeMethod(MethodInvocationHelper.java:85)
	at org.testng.internal.Invoker.invokeMethod(Invoker.java:648)
	at org.testng.internal.Invoker.invokeTestMethod(Invoker.java:834)
	at org.testng.internal.Invoker.invokeTestMethods(Invoker.java:1142)
	at org.testng.internal.TestMethodWorker.invokeTestMethods(TestMethodWorker.java:124)
	at org.testng.internal.TestMethodWorker.run(TestMethodWorker.java:108)
	at org.testng.TestRunner.privateRun(TestRunner.java:771)
	at org.testng.TestRunner.run(TestRunner.java:621)
	at org.testng.SuiteRunner.runTest(SuiteRunner.java:357)
	at org.testng.SuiteRunner.runSequentially(SuiteRunner.java:352)
	at org.testng.SuiteRunner.privateRun(SuiteRunner.java:310)
	at org.testng.SuiteRunner.run(SuiteRunner.java:259)
	at org.testng.SuiteRunnerWorker.runSuite(SuiteRunnerWorker.java:52)
	at org.testng.SuiteRunnerWorker.run(SuiteRunnerWorker.java:86)
	at org.testng.TestNG.runSuitesSequentially(TestNG.java:1176)
	at org.testng.TestNG.runSuitesSequentially(TestNG.java:1172)
	at org.testng.TestNG.runSuitesLocally(TestNG.java:1101)
	at org.testng.TestNG.run(TestNG.java:1009)
	at org.testng.remote.RemoteTestNG.run(RemoteTestNG.java:111)
	at org.testng.remote.RemoteTestNG.initAndRun(RemoteTestNG.java:204)
	at org.testng.remote.RemoteTestNG.main(RemoteTestNG.java:175)
</pre></div></td>
<td>0</td>
<td>com.qtpselenium.suiteB.Create_CaseManager@4fbe5475</td></tr>
<tr>
<td title='com.qtpselenium.suiteB.Create_CaseManager.create_CaseManager()'><b>create_CaseManager</b><br>Test class: com.qtpselenium.suiteB.Create_CaseManager<br>Parameters: Sultan, Pawar, Dummy Data_B1_3, Dummy Data_B1_4<br/>
<a href="#Output-1733768201" onClick='toggleBox("Output-1733768201", this, "Show output", "Hide output");'>Show output</a>

<a href="#Output-1733768201" onClick="toggleAllBoxes();">Show all outputs</a>
<div class='log' id="Output-1733768201">
Completed executing following method : Create_CaseManager.create_CaseManager<br/>
Test Skipped create_CaseManager<br/>
About to begin executing following method : Create_CaseManager.reportDataSetResult<br/>
</div>
</td>
<td><div><pre>org.testng.SkipException: Runmode for test set data set to no 8
	at com.qtpselenium.suiteB.Create_CaseManager.create_CaseManager(Create_CaseManager.java:48)
... Removed 25 stack frames</pre></div><a href='#' onClick='toggleBox("stack-trace1733768201", this, "Click to show all stack frames", "Click to hide stack frames")'>Click to show all stack frames</a>
<div class='stack-trace' id='stack-trace1733768201'><pre>org.testng.SkipException: Runmode for test set data set to no 8
	at com.qtpselenium.suiteB.Create_CaseManager.create_CaseManager(Create_CaseManager.java:48)
	at sun.reflect.NativeMethodAccessorImpl.invoke0(Native Method)
	at sun.reflect.NativeMethodAccessorImpl.invoke(NativeMethodAccessorImpl.java:57)
	at sun.reflect.DelegatingMethodAccessorImpl.invoke(DelegatingMethodAccessorImpl.java:43)
	at java.lang.reflect.Method.invoke(Method.java:606)
	at org.testng.internal.MethodInvocationHelper.invokeMethod(MethodInvocationHelper.java:85)
	at org.testng.internal.Invoker.invokeMethod(Invoker.java:648)
	at org.testng.internal.Invoker.invokeTestMethod(Invoker.java:834)
	at org.testng.internal.Invoker.invokeTestMethods(Invoker.java:1142)
	at org.testng.internal.TestMethodWorker.invokeTestMethods(TestMethodWorker.java:124)
	at org.testng.internal.TestMethodWorker.run(TestMethodWorker.java:108)
	at org.testng.TestRunner.privateRun(TestRunner.java:771)
	at org.testng.TestRunner.run(TestRunner.java:621)
	at org.testng.SuiteRunner.runTest(SuiteRunner.java:357)
	at org.testng.SuiteRunner.runSequentially(SuiteRunner.java:352)
	at org.testng.SuiteRunner.privateRun(SuiteRunner.java:310)
	at org.testng.SuiteRunner.run(SuiteRunner.java:259)
	at org.testng.SuiteRunnerWorker.runSuite(SuiteRunnerWorker.java:52)
	at org.testng.SuiteRunnerWorker.run(SuiteRunnerWorker.java:86)
	at org.testng.TestNG.runSuitesSequentially(TestNG.java:1176)
	at org.testng.TestNG.runSuitesSequentially(TestNG.java:1172)
	at org.testng.TestNG.runSuitesLocally(TestNG.java:1101)
	at org.testng.TestNG.run(TestNG.java:1009)
	at org.testng.remote.RemoteTestNG.run(RemoteTestNG.java:111)
	at org.testng.remote.RemoteTestNG.initAndRun(RemoteTestNG.java:204)
	at org.testng.remote.RemoteTestNG.main(RemoteTestNG.java:175)
</pre></div></td>
<td>0</td>
<td>com.qtpselenium.suiteB.Create_CaseManager@4fbe5475</td></tr>
</table><p>
</body>
</html>